Command line invocation:
    /Applications/Xcode.app/Contents/Developer/usr/bin/xcodebuild test -project NaarsCars/NaarsCars.xcodeproj -scheme NaarsCars -destination "platform=iOS Simulator,name=iPhone 17" "-only-testing:NaarsCarsTests/Core/Models"

Resolve Package Graph


Resolved source packages:
  swift-concurrency-extras: https://github.com/pointfreeco/swift-concurrency-extras @ 1.3.2
  Supabase: https://github.com/supabase/supabase-swift @ 2.39.0
  xctest-dynamic-overlay: https://github.com/pointfreeco/xctest-dynamic-overlay @ 1.8.0
  swift-asn1: https://github.com/apple/swift-asn1.git @ 1.5.1
  swift-http-types: https://github.com/apple/swift-http-types.git @ 1.5.1
  swift-crypto: https://github.com/apple/swift-crypto.git @ 4.2.0
  swift-clocks: https://github.com/pointfreeco/swift-clocks @ 1.0.6

ComputePackagePrebuildTargetDependencyGraph

Prepare packages

CreateBuildRequest

SendProjectDescription

CreateBuildOperation

ComputeTargetDependencyGraph
note: Building targets in dependency order
note: Target dependency graph (30 targets)
    Target 'NaarsCarsUITests' in project 'NaarsCars'
        ➜ Explicit dependency on target 'NaarsCars' in project 'NaarsCars'
    Target 'NaarsCarsTests' in project 'NaarsCars'
        ➜ Explicit dependency on target 'NaarsCars' in project 'NaarsCars'
    Target 'NaarsCars' in project 'NaarsCars'
        ➜ Explicit dependency on target 'PostgREST' in project 'Supabase'
        ➜ Explicit dependency on target 'Functions' in project 'Supabase'
        ➜ Explicit dependency on target 'Supabase' in project 'Supabase'
        ➜ Explicit dependency on target 'Auth' in project 'Supabase'
        ➜ Explicit dependency on target 'Storage' in project 'Supabase'
        ➜ Explicit dependency on target 'Realtime' in project 'Supabase'
    Target 'Realtime' in project 'Supabase'
        ➜ Explicit dependency on target 'Realtime' in project 'Supabase'
        ➜ Explicit dependency on target 'Helpers' in project 'Supabase'
        ➜ Explicit dependency on target 'ConcurrencyExtras' in project 'swift-concurrency-extras'
        ➜ Explicit dependency on target 'HTTPTypes' in project 'swift-http-types'
        ➜ Explicit dependency on target 'Clocks' in project 'swift-clocks'
        ➜ Explicit dependency on target 'XCTestDynamicOverlay' in project 'xctest-dynamic-overlay'
        ➜ Explicit dependency on target 'IssueReporting' in project 'xctest-dynamic-overlay'
    Target 'Storage' in project 'Supabase'
        ➜ Explicit dependency on target 'Storage' in project 'Supabase'
        ➜ Explicit dependency on target 'Helpers' in project 'Supabase'
        ➜ Explicit dependency on target 'ConcurrencyExtras' in project 'swift-concurrency-extras'
        ➜ Explicit dependency on target 'HTTPTypes' in project 'swift-http-types'
        ➜ Explicit dependency on target 'Clocks' in project 'swift-clocks'
        ➜ Explicit dependency on target 'XCTestDynamicOverlay' in project 'xctest-dynamic-overlay'
    Target 'Auth' in project 'Supabase'
        ➜ Explicit dependency on target 'Auth' in project 'Supabase'
        ➜ Explicit dependency on target 'Helpers' in project 'Supabase'
        ➜ Explicit dependency on target 'ConcurrencyExtras' in project 'swift-concurrency-extras'
        ➜ Explicit dependency on target 'HTTPTypes' in project 'swift-http-types'
        ➜ Explicit dependency on target 'Clocks' in project 'swift-clocks'
        ➜ Explicit dependency on target 'XCTestDynamicOverlay' in project 'xctest-dynamic-overlay'
        ➜ Explicit dependency on target 'Crypto' in project 'swift-crypto'
    Target 'Supabase' in project 'Supabase'
        ➜ Explicit dependency on target 'Supabase' in project 'Supabase'
        ➜ Explicit dependency on target 'Functions' in project 'Supabase'
        ➜ Explicit dependency on target 'PostgREST' in project 'Supabase'
        ➜ Explicit dependency on target 'Auth' in project 'Supabase'
        ➜ Explicit dependency on target 'Realtime' in project 'Supabase'
        ➜ Explicit dependency on target 'Storage' in project 'Supabase'
        ➜ Explicit dependency on target 'Helpers' in project 'Supabase'
        ➜ Explicit dependency on target 'ConcurrencyExtras' in project 'swift-concurrency-extras'
        ➜ Explicit dependency on target 'HTTPTypes' in project 'swift-http-types'
        ➜ Explicit dependency on target 'Clocks' in project 'swift-clocks'
        ➜ Explicit dependency on target 'XCTestDynamicOverlay' in project 'xctest-dynamic-overlay'
        ➜ Explicit dependency on target 'Crypto' in project 'swift-crypto'
        ➜ Explicit dependency on target 'IssueReporting' in project 'xctest-dynamic-overlay'
    Target 'Supabase' in project 'Supabase'
        ➜ Explicit dependency on target 'Helpers' in project 'Supabase'
        ➜ Explicit dependency on target 'Auth' in project 'Supabase'
        ➜ Explicit dependency on target 'Functions' in project 'Supabase'
        ➜ Explicit dependency on target 'PostgREST' in project 'Supabase'
        ➜ Explicit dependency on target 'Realtime' in project 'Supabase'
        ➜ Explicit dependency on target 'Storage' in project 'Supabase'
        ➜ Explicit dependency on target 'ConcurrencyExtras' in project 'swift-concurrency-extras'
        ➜ Explicit dependency on target 'HTTPTypes' in project 'swift-http-types'
        ➜ Explicit dependency on target 'Clocks' in project 'swift-clocks'
        ➜ Explicit dependency on target 'XCTestDynamicOverlay' in project 'xctest-dynamic-overlay'
        ➜ Explicit dependency on target 'Crypto' in project 'swift-crypto'
        ➜ Explicit dependency on target 'IssueReporting' in project 'xctest-dynamic-overlay'
    Target 'Storage' in project 'Supabase'
        ➜ Explicit dependency on target 'Helpers' in project 'Supabase'
        ➜ Explicit dependency on target 'ConcurrencyExtras' in project 'swift-concurrency-extras'
        ➜ Explicit dependency on target 'HTTPTypes' in project 'swift-http-types'
        ➜ Explicit dependency on target 'Clocks' in project 'swift-clocks'
        ➜ Explicit dependency on target 'XCTestDynamicOverlay' in project 'xctest-dynamic-overlay'
    Target 'Realtime' in project 'Supabase'
        ➜ Explicit dependency on target 'Helpers' in project 'Supabase'
        ➜ Explicit dependency on target 'ConcurrencyExtras' in project 'swift-concurrency-extras'
        ➜ Explicit dependency on target 'HTTPTypes' in project 'swift-http-types'
        ➜ Explicit dependency on target 'Clocks' in project 'swift-clocks'
        ➜ Explicit dependency on target 'XCTestDynamicOverlay' in project 'xctest-dynamic-overlay'
        ➜ Explicit dependency on target 'IssueReporting' in project 'xctest-dynamic-overlay'
    Target 'Auth' in project 'Supabase'
        ➜ Explicit dependency on target 'Helpers' in project 'Supabase'
        ➜ Explicit dependency on target 'ConcurrencyExtras' in project 'swift-concurrency-extras'
        ➜ Explicit dependency on target 'HTTPTypes' in project 'swift-http-types'
        ➜ Explicit dependency on target 'Clocks' in project 'swift-clocks'
        ➜ Explicit dependency on target 'XCTestDynamicOverlay' in project 'xctest-dynamic-overlay'
        ➜ Explicit dependency on target 'Crypto' in project 'swift-crypto'
    Target 'Crypto' in project 'swift-crypto'
        ➜ Explicit dependency on target 'Crypto' in project 'swift-crypto'
        ➜ Explicit dependency on target 'swift-crypto_Crypto' in project 'swift-crypto'
    Target 'Crypto' in project 'swift-crypto'
        ➜ Explicit dependency on target 'swift-crypto_Crypto' in project 'swift-crypto'
    Target 'swift-crypto_Crypto' in project 'swift-crypto' (no dependencies)
    Target 'Functions' in project 'Supabase'
        ➜ Explicit dependency on target 'Functions' in project 'Supabase'
        ➜ Explicit dependency on target 'Helpers' in project 'Supabase'
        ➜ Explicit dependency on target 'ConcurrencyExtras' in project 'swift-concurrency-extras'
        ➜ Explicit dependency on target 'HTTPTypes' in project 'swift-http-types'
        ➜ Explicit dependency on target 'Clocks' in project 'swift-clocks'
        ➜ Explicit dependency on target 'XCTestDynamicOverlay' in project 'xctest-dynamic-overlay'
    Target 'Functions' in project 'Supabase'
        ➜ Explicit dependency on target 'Helpers' in project 'Supabase'
        ➜ Explicit dependency on target 'ConcurrencyExtras' in project 'swift-concurrency-extras'
        ➜ Explicit dependency on target 'HTTPTypes' in project 'swift-http-types'
        ➜ Explicit dependency on target 'Clocks' in project 'swift-clocks'
        ➜ Explicit dependency on target 'XCTestDynamicOverlay' in project 'xctest-dynamic-overlay'
    Target 'PostgREST' in project 'Supabase'
        ➜ Explicit dependency on target 'PostgREST' in project 'Supabase'
        ➜ Explicit dependency on target 'Helpers' in project 'Supabase'
        ➜ Explicit dependency on target 'ConcurrencyExtras' in project 'swift-concurrency-extras'
        ➜ Explicit dependency on target 'HTTPTypes' in project 'swift-http-types'
        ➜ Explicit dependency on target 'Clocks' in project 'swift-clocks'
        ➜ Explicit dependency on target 'XCTestDynamicOverlay' in project 'xctest-dynamic-overlay'
    Target 'PostgREST' in project 'Supabase'
        ➜ Explicit dependency on target 'Helpers' in project 'Supabase'
        ➜ Explicit dependency on target 'ConcurrencyExtras' in project 'swift-concurrency-extras'
        ➜ Explicit dependency on target 'HTTPTypes' in project 'swift-http-types'
        ➜ Explicit dependency on target 'Clocks' in project 'swift-clocks'
        ➜ Explicit dependency on target 'XCTestDynamicOverlay' in project 'xctest-dynamic-overlay'
    Target 'Helpers' in project 'Supabase'
        ➜ Explicit dependency on target 'ConcurrencyExtras' in project 'swift-concurrency-extras'
        ➜ Explicit dependency on target 'HTTPTypes' in project 'swift-http-types'
        ➜ Explicit dependency on target 'Clocks' in project 'swift-clocks'
        ➜ Explicit dependency on target 'XCTestDynamicOverlay' in project 'xctest-dynamic-overlay'
    Target 'XCTestDynamicOverlay' in project 'xctest-dynamic-overlay'
        ➜ Explicit dependency on target 'XCTestDynamicOverlay' in project 'xctest-dynamic-overlay'
        ➜ Explicit dependency on target 'IssueReportingPackageSupport' in project 'xctest-dynamic-overlay'
        ➜ Explicit dependency on target 'IssueReporting' in project 'xctest-dynamic-overlay'
    Target 'XCTestDynamicOverlay' in project 'xctest-dynamic-overlay'
        ➜ Explicit dependency on target 'IssueReportingPackageSupport' in project 'xctest-dynamic-overlay'
        ➜ Explicit dependency on target 'IssueReporting' in project 'xctest-dynamic-overlay'
    Target 'Clocks' in project 'swift-clocks'
        ➜ Explicit dependency on target 'Clocks' in project 'swift-clocks'
        ➜ Explicit dependency on target 'ConcurrencyExtras' in project 'swift-concurrency-extras'
        ➜ Explicit dependency on target 'IssueReporting' in project 'xctest-dynamic-overlay'
    Target 'Clocks' in project 'swift-clocks'
        ➜ Explicit dependency on target 'ConcurrencyExtras' in project 'swift-concurrency-extras'
        ➜ Explicit dependency on target 'IssueReporting' in project 'xctest-dynamic-overlay'
    Target 'IssueReporting' in project 'xctest-dynamic-overlay'
        ➜ Explicit dependency on target 'IssueReporting' in project 'xctest-dynamic-overlay'
        ➜ Explicit dependency on target 'IssueReportingPackageSupport' in project 'xctest-dynamic-overlay'
    Target 'IssueReporting' in project 'xctest-dynamic-overlay'
        ➜ Explicit dependency on target 'IssueReportingPackageSupport' in project 'xctest-dynamic-overlay'
    Target 'IssueReportingPackageSupport' in project 'xctest-dynamic-overlay' (no dependencies)
    Target 'HTTPTypes' in project 'swift-http-types'
        ➜ Explicit dependency on target 'HTTPTypes' in project 'swift-http-types'
    Target 'HTTPTypes' in project 'swift-http-types' (no dependencies)
    Target 'ConcurrencyExtras' in project 'swift-concurrency-extras'
        ➜ Explicit dependency on target 'ConcurrencyExtras' in project 'swift-concurrency-extras'
    Target 'ConcurrencyExtras' in project 'swift-concurrency-extras' (no dependencies)

GatherProvisioningInputs

CreateBuildDescription

ExecuteExternalTool /Applications/Xcode.app/Contents/Developer/Toolchains/XcodeDefault.xctoolchain/usr/bin/swiftc --version

ExecuteExternalTool /Applications/Xcode.app/Contents/Developer/Toolchains/XcodeDefault.xctoolchain/usr/bin/clang -v -E -dM -isysroot /Applications/Xcode.app/Contents/Developer/Platforms/iPhoneSimulator.platform/Developer/SDKs/iPhoneSimulator26.2.sdk -x c -c /dev/null

ExecuteExternalTool /Applications/Xcode.app/Contents/Developer/usr/bin/actool --print-asset-tag-combinations --output-format xml1 /Users/bcolf/.cursor/worktrees/naars-cars-ios/vlw/NaarsCars/NaarsCars/Assets.xcassets

ExecuteExternalTool /Applications/Xcode.app/Contents/Developer/Toolchains/XcodeDefault.xctoolchain/usr/bin/ld -version_details

ReadFileContents /Applications/Xcode.app/Contents/Developer/Toolchains/XcodeDefault.xctoolchain/usr/share/docc/features.json

ExecuteExternalTool /Applications/Xcode.app/Contents/Developer/usr/bin/actool --version --output-format xml1

Build description signature: 342190399c0c12f9b95bd641865dce1e
Build description path: /Users/bcolf/Library/Developer/Xcode/DerivedData/NaarsCars-haqsfbprmqosxwbpqeoibavdicql/Build/Intermediates.noindex/XCBuildData/342190399c0c12f9b95bd641865dce1e.xcbuilddata
ClangStatCache /Applications/Xcode.app/Contents/Developer/Toolchains/XcodeDefault.xctoolchain/usr/bin/clang-stat-cache /Applications/Xcode.app/Contents/Developer/Platforms/iPhoneSimulator.platform/Developer/SDKs/iPhoneSimulator26.2.sdk /Users/bcolf/Library/Developer/Xcode/DerivedData/SDKStatCaches.noindex/iphonesimulator26.2-23C53-7d00a8b37fbd7999ea79df8ebc024bf0.sdkstatcache
    cd /Users/bcolf/.cursor/worktrees/naars-cars-ios/vlw/NaarsCars/NaarsCars.xcodeproj
    /Applications/Xcode.app/Contents/Developer/Toolchains/XcodeDefault.xctoolchain/usr/bin/clang-stat-cache /Applications/Xcode.app/Contents/Developer/Platforms/iPhoneSimulator.platform/Developer/SDKs/iPhoneSimulator26.2.sdk -o /Users/bcolf/Library/Developer/Xcode/DerivedData/SDKStatCaches.noindex/iphonesimulator26.2-23C53-7d00a8b37fbd7999ea79df8ebc024bf0.sdkstatcache

ProcessProductPackaging "" /Users/bcolf/Library/Developer/Xcode/DerivedData/NaarsCars-haqsfbprmqosxwbpqeoibavdicql/Build/Intermediates.noindex/NaarsCars.build/Debug-iphonesimulator/NaarsCars.build/NaarsCars.app-Simulated.xcent (in target 'NaarsCars' from project 'NaarsCars')
    cd /Users/bcolf/.cursor/worktrees/naars-cars-ios/vlw/NaarsCars
    
    Entitlements:
    
    {
    "application-identifier" = "FAKETEAMID.com.NaarsCars";
}
    
    builtin-productPackagingUtility -entitlements -format xml -o /Users/bcolf/Library/Developer/Xcode/DerivedData/NaarsCars-haqsfbprmqosxwbpqeoibavdicql/Build/Intermediates.noindex/NaarsCars.build/Debug-iphonesimulator/NaarsCars.build/NaarsCars.app-Simulated.xcent

ProcessProductPackagingDER /Users/bcolf/Library/Developer/Xcode/DerivedData/NaarsCars-haqsfbprmqosxwbpqeoibavdicql/Build/Intermediates.noindex/NaarsCars.build/Debug-iphonesimulator/NaarsCars.build/NaarsCars.app-Simulated.xcent /Users/bcolf/Library/Developer/Xcode/DerivedData/NaarsCars-haqsfbprmqosxwbpqeoibavdicql/Build/Intermediates.noindex/NaarsCars.build/Debug-iphonesimulator/NaarsCars.build/NaarsCars.app-Simulated.xcent.der (in target 'NaarsCars' from project 'NaarsCars')
    cd /Users/bcolf/.cursor/worktrees/naars-cars-ios/vlw/NaarsCars
    /usr/bin/derq query -f xml -i /Users/bcolf/Library/Developer/Xcode/DerivedData/NaarsCars-haqsfbprmqosxwbpqeoibavdicql/Build/Intermediates.noindex/NaarsCars.build/Debug-iphonesimulator/NaarsCars.build/NaarsCars.app-Simulated.xcent -o /Users/bcolf/Library/Developer/Xcode/DerivedData/NaarsCars-haqsfbprmqosxwbpqeoibavdicql/Build/Intermediates.noindex/NaarsCars.build/Debug-iphonesimulator/NaarsCars.build/NaarsCars.app-Simulated.xcent.der --raw

ProcessInfoPlistFile /Users/bcolf/Library/Developer/Xcode/DerivedData/NaarsCars-haqsfbprmqosxwbpqeoibavdicql/Build/Products/Debug-iphonesimulator/swift-crypto_Crypto.bundle/Info.plist /Users/bcolf/Library/Developer/Xcode/DerivedData/NaarsCars-haqsfbprmqosxwbpqeoibavdicql/Build/Intermediates.noindex/swift-crypto.build/Debug-iphonesimulator/swift-crypto_Crypto.build/empty-swift-crypto_Crypto.plist (in target 'swift-crypto_Crypto' from project 'swift-crypto')
    cd /Users/bcolf/Library/Developer/Xcode/DerivedData/NaarsCars-haqsfbprmqosxwbpqeoibavdicql/SourcePackages/checkouts/swift-crypto
    builtin-infoPlistUtility /Users/bcolf/Library/Developer/Xcode/DerivedData/NaarsCars-haqsfbprmqosxwbpqeoibavdicql/Build/Intermediates.noindex/swift-crypto.build/Debug-iphonesimulator/swift-crypto_Crypto.build/empty-swift-crypto_Crypto.plist -producttype com.apple.product-type.bundle -expandbuildsettings -format binary -platform iphonesimulator -o /Users/bcolf/Library/Developer/Xcode/DerivedData/NaarsCars-haqsfbprmqosxwbpqeoibavdicql/Build/Products/Debug-iphonesimulator/swift-crypto_Crypto.bundle/Info.plist

ProcessInfoPlistFile /Users/bcolf/Library/Developer/Xcode/DerivedData/NaarsCars-haqsfbprmqosxwbpqeoibavdicql/Build/Products/Debug-iphonesimulator/NaarsCars.app/Info.plist /Users/bcolf/Library/Developer/Xcode/DerivedData/NaarsCars-haqsfbprmqosxwbpqeoibavdicql/Build/Intermediates.noindex/NaarsCars.build/Debug-iphonesimulator/NaarsCars.build/empty-NaarsCars.plist (in target 'NaarsCars' from project 'NaarsCars')
    cd /Users/bcolf/.cursor/worktrees/naars-cars-ios/vlw/NaarsCars
    builtin-infoPlistUtility /Users/bcolf/Library/Developer/Xcode/DerivedData/NaarsCars-haqsfbprmqosxwbpqeoibavdicql/Build/Intermediates.noindex/NaarsCars.build/Debug-iphonesimulator/NaarsCars.build/empty-NaarsCars.plist -producttype com.apple.product-type.application -genpkginfo /Users/bcolf/Library/Developer/Xcode/DerivedData/NaarsCars-haqsfbprmqosxwbpqeoibavdicql/Build/Products/Debug-iphonesimulator/NaarsCars.app/PkgInfo -expandbuildsettings -format binary -platform iphonesimulator -additionalcontentfile /Users/bcolf/Library/Developer/Xcode/DerivedData/NaarsCars-haqsfbprmqosxwbpqeoibavdicql/Build/Intermediates.noindex/NaarsCars.build/Debug-iphonesimulator/NaarsCars.build/assetcatalog_generated_info.plist -scanforprivacyfile /Users/bcolf/Library/Developer/Xcode/DerivedData/NaarsCars-haqsfbprmqosxwbpqeoibavdicql/Build/Products/Debug-iphonesimulator/NaarsCars.app/swift-crypto_Crypto.bundle -o /Users/bcolf/Library/Developer/Xcode/DerivedData/NaarsCars-haqsfbprmqosxwbpqeoibavdicql/Build/Products/Debug-iphonesimulator/NaarsCars.app/Info.plist

Ld /Users/bcolf/Library/Developer/Xcode/DerivedData/NaarsCars-haqsfbprmqosxwbpqeoibavdicql/Build/Products/Debug-iphonesimulator/NaarsCars.app/NaarsCars.debug.dylib normal (in target 'NaarsCars' from project 'NaarsCars')
    cd /Users/bcolf/.cursor/worktrees/naars-cars-ios/vlw/NaarsCars
    /Applications/Xcode.app/Contents/Developer/Toolchains/XcodeDefault.xctoolchain/usr/bin/clang -Xlinker -reproducible -target arm64-apple-ios17.0-simulator -dynamiclib -isysroot /Applications/Xcode.app/Contents/Developer/Platforms/iPhoneSimulator.platform/Developer/SDKs/iPhoneSimulator26.2.sdk -O0 -L/Users/bcolf/Library/Developer/Xcode/DerivedData/NaarsCars-haqsfbprmqosxwbpqeoibavdicql/Build/Intermediates.noindex/EagerLinkingTBDs/Debug-iphonesimulator -L/Users/bcolf/Library/Developer/Xcode/DerivedData/NaarsCars-haqsfbprmqosxwbpqeoibavdicql/Build/Products/Debug-iphonesimulator -F/Users/bcolf/Library/Developer/Xcode/DerivedData/NaarsCars-haqsfbprmqosxwbpqeoibavdicql/Build/Intermediates.noindex/EagerLinkingTBDs/Debug-iphonesimulator -F/Users/bcolf/Library/Developer/Xcode/DerivedData/NaarsCars-haqsfbprmqosxwbpqeoibavdicql/Build/Products/Debug-iphonesimulator/PackageFrameworks -F/Users/bcolf/Library/Developer/Xcode/DerivedData/NaarsCars-haqsfbprmqosxwbpqeoibavdicql/Build/Products/Debug-iphonesimulator/PackageFrameworks -F/Users/bcolf/Library/Developer/Xcode/DerivedData/NaarsCars-haqsfbprmqosxwbpqeoibavdicql/Build/Products/Debug-iphonesimulator/PackageFrameworks -F/Users/bcolf/Library/Developer/Xcode/DerivedData/NaarsCars-haqsfbprmqosxwbpqeoibavdicql/Build/Products/Debug-iphonesimulator/PackageFrameworks -F/Users/bcolf/Library/Developer/Xcode/DerivedData/NaarsCars-haqsfbprmqosxwbpqeoibavdicql/Build/Products/Debug-iphonesimulator/PackageFrameworks -F/Users/bcolf/Library/Developer/Xcode/DerivedData/NaarsCars-haqsfbprmqosxwbpqeoibavdicql/Build/Products/Debug-iphonesimulator/PackageFrameworks -F/Users/bcolf/Library/Developer/Xcode/DerivedData/NaarsCars-haqsfbprmqosxwbpqeoibavdicql/Build/Products/Debug-iphonesimulator/PackageFrameworks -F/Users/bcolf/Library/Developer/Xcode/DerivedData/NaarsCars-haqsfbprmqosxwbpqeoibavdicql/Build/Products/Debug-iphonesimulator/PackageFrameworks -F/Users/bcolf/Library/Developer/Xcode/DerivedData/NaarsCars-haqsfbprmqosxwbpqeoibavdicql/Build/Products/Debug-iphonesimulator/PackageFrameworks -F/Users/bcolf/Library/Developer/Xcode/DerivedData/NaarsCars-haqsfbprmqosxwbpqeoibavdicql/Build/Products/Debug-iphonesimulator/PackageFrameworks -F/Users/bcolf/Library/Developer/Xcode/DerivedData/NaarsCars-haqsfbprmqosxwbpqeoibavdicql/Build/Products/Debug-iphonesimulator/PackageFrameworks -F/Users/bcolf/Library/Developer/Xcode/DerivedData/NaarsCars-haqsfbprmqosxwbpqeoibavdicql/Build/Products/Debug-iphonesimulator/PackageFrameworks -F/Users/bcolf/Library/Developer/Xcode/DerivedData/NaarsCars-haqsfbprmqosxwbpqeoibavdicql/Build/Products/Debug-iphonesimulator/PackageFrameworks -F/Users/bcolf/Library/Developer/Xcode/DerivedData/NaarsCars-haqsfbprmqosxwbpqeoibavdicql/Build/Products/Debug-iphonesimulator/PackageFrameworks -F/Users/bcolf/Library/Developer/Xcode/DerivedData/NaarsCars-haqsfbprmqosxwbpqeoibavdicql/Build/Products/Debug-iphonesimulator -filelist /Users/bcolf/Library/Developer/Xcode/DerivedData/NaarsCars-haqsfbprmqosxwbpqeoibavdicql/Build/Intermediates.noindex/NaarsCars.build/Debug-iphonesimulator/NaarsCars.build/Objects-normal/arm64/NaarsCars.LinkFileList -install_name @rpath/NaarsCars.debug.dylib -Xlinker -rpath -Xlinker /usr/lib/swift -Xlinker -rpath -Xlinker /Users/bcolf/Library/Developer/Xcode/DerivedData/NaarsCars-haqsfbprmqosxwbpqeoibavdicql/Build/Products/Debug-iphonesimulator/PackageFrameworks -Xlinker -rpath -Xlinker @executable_path/Frameworks -dead_strip -Xlinker -object_path_lto -Xlinker /Users/bcolf/Library/Developer/Xcode/DerivedData/NaarsCars-haqsfbprmqosxwbpqeoibavdicql/Build/Intermediates.noindex/NaarsCars.build/Debug-iphonesimulator/NaarsCars.build/Objects-normal/arm64/NaarsCars_lto.o -rdynamic -Xlinker -no_deduplicate -Xlinker -objc_abi_version -Xlinker 2 -Xlinker -dependency_info -Xlinker /Users/bcolf/Library/Developer/Xcode/DerivedData/NaarsCars-haqsfbprmqosxwbpqeoibavdicql/Build/Intermediates.noindex/NaarsCars.build/Debug-iphonesimulator/NaarsCars.build/Objects-normal/arm64/NaarsCars_dependency_info.dat -fobjc-link-runtime -L/Applications/Xcode.app/Contents/Developer/Toolchains/XcodeDefault.xctoolchain/usr/lib/swift/iphonesimulator -L/usr/lib/swift -Xlinker -add_ast_path -Xlinker /Users/bcolf/Library/Developer/Xcode/DerivedData/NaarsCars-haqsfbprmqosxwbpqeoibavdicql/Build/Intermediates.noindex/NaarsCars.build/Debug-iphonesimulator/NaarsCars.build/Objects-normal/arm64/NaarsCars.swiftmodule @/Users/bcolf/Library/Developer/Xcode/DerivedData/NaarsCars-haqsfbprmqosxwbpqeoibavdicql/Build/Intermediates.noindex/NaarsCars.build/Debug-iphonesimulator/NaarsCars.build/Objects-normal/arm64/NaarsCars-linker-args.resp -Wl,-no_warn_duplicate_libraries -Wl,-no_warn_duplicate_libraries -Wl,-no_warn_duplicate_libraries -Wl,-no_warn_duplicate_libraries -Wl,-no_warn_duplicate_libraries -Wl,-no_warn_duplicate_libraries -Wl,-no_warn_duplicate_libraries -Wl,-no_warn_duplicate_libraries -Wl,-no_warn_duplicate_libraries -Wl,-no_warn_duplicate_libraries -Wl,-no_warn_duplicate_libraries -Wl,-no_warn_duplicate_libraries -Wl,-no_warn_duplicate_libraries -Wl,-no_warn_duplicate_libraries -Xlinker -alias -Xlinker _main -Xlinker ___debug_main_executable_dylib_entry_point -Xlinker -no_adhoc_codesign -o /Users/bcolf/Library/Developer/Xcode/DerivedData/NaarsCars-haqsfbprmqosxwbpqeoibavdicql/Build/Products/Debug-iphonesimulator/NaarsCars.app/NaarsCars.debug.dylib -Xlinker -add_ast_path -Xlinker /Users/bcolf/Library/Developer/Xcode/DerivedData/NaarsCars-haqsfbprmqosxwbpqeoibavdicql/Build/Intermediates.noindex/Supabase.build/Debug-iphonesimulator/PostgREST.build/Objects-normal/arm64/PostgREST.swiftmodule @/Users/bcolf/Library/Developer/Xcode/DerivedData/NaarsCars-haqsfbprmqosxwbpqeoibavdicql/Build/Intermediates.noindex/Supabase.build/Debug-iphonesimulator/PostgREST.build/Objects-normal/arm64/PostgREST-linker-args.resp -Xlinker -add_ast_path -Xlinker /Users/bcolf/Library/Developer/Xcode/DerivedData/NaarsCars-haqsfbprmqosxwbpqeoibavdicql/Build/Intermediates.noindex/swift-concurrency-extras.build/Debug-iphonesimulator/ConcurrencyExtras.build/Objects-normal/arm64/ConcurrencyExtras.swiftmodule @/Users/bcolf/Library/Developer/Xcode/DerivedData/NaarsCars-haqsfbprmqosxwbpqeoibavdicql/Build/Intermediates.noindex/swift-concurrency-extras.build/Debug-iphonesimulator/ConcurrencyExtras.build/Objects-normal/arm64/ConcurrencyExtras-linker-args.resp -Xlinker -add_ast_path -Xlinker /Users/bcolf/Library/Developer/Xcode/DerivedData/NaarsCars-haqsfbprmqosxwbpqeoibavdicql/Build/Intermediates.noindex/swift-http-types.build/Debug-iphonesimulator/HTTPTypes.build/Objects-normal/arm64/HTTPTypes.swiftmodule @/Users/bcolf/Library/Developer/Xcode/DerivedData/NaarsCars-haqsfbprmqosxwbpqeoibavdicql/Build/Intermediates.noindex/swift-http-types.build/Debug-iphonesimulator/HTTPTypes.build/Objects-normal/arm64/HTTPTypes-linker-args.resp -Xlinker -add_ast_path -Xlinker /Users/bcolf/Library/Developer/Xcode/DerivedData/NaarsCars-haqsfbprmqosxwbpqeoibavdicql/Build/Intermediates.noindex/swift-clocks.build/Debug-iphonesimulator/Clocks.build/Objects-normal/arm64/Clocks.swiftmodule @/Users/bcolf/Library/Developer/Xcode/DerivedData/NaarsCars-haqsfbprmqosxwbpqeoibavdicql/Build/Intermediates.noindex/swift-clocks.build/Debug-iphonesimulator/Clocks.build/Objects-normal/arm64/Clocks-linker-args.resp -Xlinker -add_ast_path -Xlinker /Users/bcolf/Library/Developer/Xcode/DerivedData/NaarsCars-haqsfbprmqosxwbpqeoibavdicql/Build/Intermediates.noindex/xctest-dynamic-overlay.build/Debug-iphonesimulator/IssueReporting.build/Objects-normal/arm64/IssueReporting.swiftmodule @/Users/bcolf/Library/Developer/Xcode/DerivedData/NaarsCars-haqsfbprmqosxwbpqeoibavdicql/Build/Intermediates.noindex/xctest-dynamic-overlay.build/Debug-iphonesimulator/IssueReporting.build/Objects-normal/arm64/IssueReporting-linker-args.resp -Xlinker -add_ast_path -Xlinker /Users/bcolf/Library/Developer/Xcode/DerivedData/NaarsCars-haqsfbprmqosxwbpqeoibavdicql/Build/Intermediates.noindex/xctest-dynamic-overlay.build/Debug-iphonesimulator/IssueReportingPackageSupport.build/Objects-normal/arm64/IssueReportingPackageSupport.swiftmodule @/Users/bcolf/Library/Developer/Xcode/DerivedData/NaarsCars-haqsfbprmqosxwbpqeoibavdicql/Build/Intermediates.noindex/xctest-dynamic-overlay.build/Debug-iphonesimulator/IssueReportingPackageSupport.build/Objects-normal/arm64/IssueReportingPackageSupport-linker-args.resp -Xlinker -add_ast_path -Xlinker /Users/bcolf/Library/Developer/Xcode/DerivedData/NaarsCars-haqsfbprmqosxwbpqeoibavdicql/Build/Intermediates.noindex/xctest-dynamic-overlay.build/Debug-iphonesimulator/XCTestDynamicOverlay.build/Objects-normal/arm64/XCTestDynamicOverlay.swiftmodule @/Users/bcolf/Library/Developer/Xcode/DerivedData/NaarsCars-haqsfbprmqosxwbpqeoibavdicql/Build/Intermediates.noindex/xctest-dynamic-overlay.build/Debug-iphonesimulator/XCTestDynamicOverlay.build/Objects-normal/arm64/XCTestDynamicOverlay-linker-args.resp -Xlinker -add_ast_path -Xlinker /Users/bcolf/Library/Developer/Xcode/DerivedData/NaarsCars-haqsfbprmqosxwbpqeoibavdicql/Build/Intermediates.noindex/Supabase.build/Debug-iphonesimulator/Helpers.build/Objects-normal/arm64/Helpers.swiftmodule @/Users/bcolf/Library/Developer/Xcode/DerivedData/NaarsCars-haqsfbprmqosxwbpqeoibavdicql/Build/Intermediates.noindex/Supabase.build/Debug-iphonesimulator/Helpers.build/Objects-normal/arm64/Helpers-linker-args.resp -Xlinker -add_ast_path -Xlinker /Users/bcolf/Library/Developer/Xcode/DerivedData/NaarsCars-haqsfbprmqosxwbpqeoibavdicql/Build/Intermediates.noindex/Supabase.build/Debug-iphonesimulator/Functions.build/Objects-normal/arm64/Functions.swiftmodule @/Users/bcolf/Library/Developer/Xcode/DerivedData/NaarsCars-haqsfbprmqosxwbpqeoibavdicql/Build/Intermediates.noindex/Supabase.build/Debug-iphonesimulator/Functions.build/Objects-normal/arm64/Functions-linker-args.resp -Xlinker -add_ast_path -Xlinker /Users/bcolf/Library/Developer/Xcode/DerivedData/NaarsCars-haqsfbprmqosxwbpqeoibavdicql/Build/Intermediates.noindex/Supabase.build/Debug-iphonesimulator/Supabase.build/Objects-normal/arm64/Supabase.swiftmodule @/Users/bcolf/Library/Developer/Xcode/DerivedData/NaarsCars-haqsfbprmqosxwbpqeoibavdicql/Build/Intermediates.noindex/Supabase.build/Debug-iphonesimulator/Supabase.build/Objects-normal/arm64/Supabase-linker-args.resp -Xlinker -add_ast_path -Xlinker /Users/bcolf/Library/Developer/Xcode/DerivedData/NaarsCars-haqsfbprmqosxwbpqeoibavdicql/Build/Intermediates.noindex/Supabase.build/Debug-iphonesimulator/Auth.build/Objects-normal/arm64/Auth.swiftmodule @/Users/bcolf/Library/Developer/Xcode/DerivedData/NaarsCars-haqsfbprmqosxwbpqeoibavdicql/Build/Intermediates.noindex/Supabase.build/Debug-iphonesimulator/Auth.build/Objects-normal/arm64/Auth-linker-args.resp -Xlinker -add_ast_path -Xlinker /Users/bcolf/Library/Developer/Xcode/DerivedData/NaarsCars-haqsfbprmqosxwbpqeoibavdicql/Build/Intermediates.noindex/Supabase.build/Debug-iphonesimulator/Realtime.build/Objects-normal/arm64/Realtime.swiftmodule @/Users/bcolf/Library/Developer/Xcode/DerivedData/NaarsCars-haqsfbprmqosxwbpqeoibavdicql/Build/Intermediates.noindex/Supabase.build/Debug-iphonesimulator/Realtime.build/Objects-normal/arm64/Realtime-linker-args.resp -Xlinker -add_ast_path -Xlinker /Users/bcolf/Library/Developer/Xcode/DerivedData/NaarsCars-haqsfbprmqosxwbpqeoibavdicql/Build/Intermediates.noindex/Supabase.build/Debug-iphonesimulator/Storage.build/Objects-normal/arm64/Storage.swiftmodule @/Users/bcolf/Library/Developer/Xcode/DerivedData/NaarsCars-haqsfbprmqosxwbpqeoibavdicql/Build/Intermediates.noindex/Supabase.build/Debug-iphonesimulator/Storage.build/Objects-normal/arm64/Storage-linker-args.resp -Xlinker -add_ast_path -Xlinker /Users/bcolf/Library/Developer/Xcode/DerivedData/NaarsCars-haqsfbprmqosxwbpqeoibavdicql/Build/Intermediates.noindex/swift-crypto.build/Debug-iphonesimulator/Crypto.build/Objects-normal/arm64/Crypto.swiftmodule @/Users/bcolf/Library/Developer/Xcode/DerivedData/NaarsCars-haqsfbprmqosxwbpqeoibavdicql/Build/Intermediates.noindex/swift-crypto.build/Debug-iphonesimulator/Crypto.build/Objects-normal/arm64/Crypto-linker-args.resp

ConstructStubExecutorLinkFileList /Users/bcolf/Library/Developer/Xcode/DerivedData/NaarsCars-haqsfbprmqosxwbpqeoibavdicql/Build/Intermediates.noindex/NaarsCars.build/Debug-iphonesimulator/NaarsCars.build/NaarsCars-ExecutorLinkFileList-normal-arm64.txt (in target 'NaarsCars' from project 'NaarsCars')
    cd /Users/bcolf/.cursor/worktrees/naars-cars-ios/vlw/NaarsCars
    construct-stub-executor-link-file-list /Users/bcolf/Library/Developer/Xcode/DerivedData/NaarsCars-haqsfbprmqosxwbpqeoibavdicql/Build/Products/Debug-iphonesimulator/NaarsCars.app/NaarsCars.debug.dylib /Applications/Xcode.app/Contents/Developer/Platforms/iPhoneSimulator.platform/Developer/usr/lib/libPreviewsJITStubExecutor_no_swift_entry_point.a /Applications/Xcode.app/Contents/Developer/Platforms/iPhoneSimulator.platform/Developer/usr/lib/libPreviewsJITStubExecutor.a --output /Users/bcolf/Library/Developer/Xcode/DerivedData/NaarsCars-haqsfbprmqosxwbpqeoibavdicql/Build/Intermediates.noindex/NaarsCars.build/Debug-iphonesimulator/NaarsCars.build/NaarsCars-ExecutorLinkFileList-normal-arm64.txt
note: Using stub executor library with Swift entry point. (in target 'NaarsCars' from project 'NaarsCars')

Ld /Users/bcolf/Library/Developer/Xcode/DerivedData/NaarsCars-haqsfbprmqosxwbpqeoibavdicql/Build/Products/Debug-iphonesimulator/NaarsCars.app/NaarsCars normal (in target 'NaarsCars' from project 'NaarsCars')
    cd /Users/bcolf/.cursor/worktrees/naars-cars-ios/vlw/NaarsCars
    /Applications/Xcode.app/Contents/Developer/Toolchains/XcodeDefault.xctoolchain/usr/bin/clang -Xlinker -reproducible -target arm64-apple-ios17.0-simulator -isysroot /Applications/Xcode.app/Contents/Developer/Platforms/iPhoneSimulator.platform/Developer/SDKs/iPhoneSimulator26.2.sdk -O0 -L/Users/bcolf/Library/Developer/Xcode/DerivedData/NaarsCars-haqsfbprmqosxwbpqeoibavdicql/Build/Products/Debug-iphonesimulator -F/Users/bcolf/Library/Developer/Xcode/DerivedData/NaarsCars-haqsfbprmqosxwbpqeoibavdicql/Build/Products/Debug-iphonesimulator/PackageFrameworks -F/Users/bcolf/Library/Developer/Xcode/DerivedData/NaarsCars-haqsfbprmqosxwbpqeoibavdicql/Build/Products/Debug-iphonesimulator/PackageFrameworks -F/Users/bcolf/Library/Developer/Xcode/DerivedData/NaarsCars-haqsfbprmqosxwbpqeoibavdicql/Build/Products/Debug-iphonesimulator/PackageFrameworks -F/Users/bcolf/Library/Developer/Xcode/DerivedData/NaarsCars-haqsfbprmqosxwbpqeoibavdicql/Build/Products/Debug-iphonesimulator/PackageFrameworks -F/Users/bcolf/Library/Developer/Xcode/DerivedData/NaarsCars-haqsfbprmqosxwbpqeoibavdicql/Build/Products/Debug-iphonesimulator/PackageFrameworks -F/Users/bcolf/Library/Developer/Xcode/DerivedData/NaarsCars-haqsfbprmqosxwbpqeoibavdicql/Build/Products/Debug-iphonesimulator/PackageFrameworks -F/Users/bcolf/Library/Developer/Xcode/DerivedData/NaarsCars-haqsfbprmqosxwbpqeoibavdicql/Build/Products/Debug-iphonesimulator/PackageFrameworks -F/Users/bcolf/Library/Developer/Xcode/DerivedData/NaarsCars-haqsfbprmqosxwbpqeoibavdicql/Build/Products/Debug-iphonesimulator/PackageFrameworks -F/Users/bcolf/Library/Developer/Xcode/DerivedData/NaarsCars-haqsfbprmqosxwbpqeoibavdicql/Build/Products/Debug-iphonesimulator/PackageFrameworks -F/Users/bcolf/Library/Developer/Xcode/DerivedData/NaarsCars-haqsfbprmqosxwbpqeoibavdicql/Build/Products/Debug-iphonesimulator/PackageFrameworks -F/Users/bcolf/Library/Developer/Xcode/DerivedData/NaarsCars-haqsfbprmqosxwbpqeoibavdicql/Build/Products/Debug-iphonesimulator/PackageFrameworks -F/Users/bcolf/Library/Developer/Xcode/DerivedData/NaarsCars-haqsfbprmqosxwbpqeoibavdicql/Build/Products/Debug-iphonesimulator/PackageFrameworks -F/Users/bcolf/Library/Developer/Xcode/DerivedData/NaarsCars-haqsfbprmqosxwbpqeoibavdicql/Build/Products/Debug-iphonesimulator/PackageFrameworks -F/Users/bcolf/Library/Developer/Xcode/DerivedData/NaarsCars-haqsfbprmqosxwbpqeoibavdicql/Build/Products/Debug-iphonesimulator/PackageFrameworks -F/Users/bcolf/Library/Developer/Xcode/DerivedData/NaarsCars-haqsfbprmqosxwbpqeoibavdicql/Build/Products/Debug-iphonesimulator -Xlinker -rpath -Xlinker @executable_path -Xlinker -rpath -Xlinker /Users/bcolf/Library/Developer/Xcode/DerivedData/NaarsCars-haqsfbprmqosxwbpqeoibavdicql/Build/Products/Debug-iphonesimulator/PackageFrameworks -Xlinker -rpath -Xlinker @executable_path/Frameworks -rdynamic -Xlinker -no_deduplicate -Xlinker -objc_abi_version -Xlinker 2 -e ___debug_blank_executor_main -Xlinker -sectcreate -Xlinker __TEXT -Xlinker __debug_dylib -Xlinker /Users/bcolf/Library/Developer/Xcode/DerivedData/NaarsCars-haqsfbprmqosxwbpqeoibavdicql/Build/Intermediates.noindex/NaarsCars.build/Debug-iphonesimulator/NaarsCars.build/NaarsCars-DebugDylibPath-normal-arm64.txt -Xlinker -sectcreate -Xlinker __TEXT -Xlinker __debug_instlnm -Xlinker /Users/bcolf/Library/Developer/Xcode/DerivedData/NaarsCars-haqsfbprmqosxwbpqeoibavdicql/Build/Intermediates.noindex/NaarsCars.build/Debug-iphonesimulator/NaarsCars.build/NaarsCars-DebugDylibInstallName-normal-arm64.txt -Xlinker -filelist -Xlinker /Users/bcolf/Library/Developer/Xcode/DerivedData/NaarsCars-haqsfbprmqosxwbpqeoibavdicql/Build/Intermediates.noindex/NaarsCars.build/Debug-iphonesimulator/NaarsCars.build/NaarsCars-ExecutorLinkFileList-normal-arm64.txt -Xlinker -sectcreate -Xlinker __TEXT -Xlinker __entitlements -Xlinker /Users/bcolf/Library/Developer/Xcode/DerivedData/NaarsCars-haqsfbprmqosxwbpqeoibavdicql/Build/Intermediates.noindex/NaarsCars.build/Debug-iphonesimulator/NaarsCars.build/NaarsCars.app-Simulated.xcent -Xlinker -sectcreate -Xlinker __TEXT -Xlinker __ents_der -Xlinker /Users/bcolf/Library/Developer/Xcode/DerivedData/NaarsCars-haqsfbprmqosxwbpqeoibavdicql/Build/Intermediates.noindex/NaarsCars.build/Debug-iphonesimulator/NaarsCars.build/NaarsCars.app-Simulated.xcent.der /Users/bcolf/Library/Developer/Xcode/DerivedData/NaarsCars-haqsfbprmqosxwbpqeoibavdicql/Build/Products/Debug-iphonesimulator/NaarsCars.app/NaarsCars.debug.dylib -Xlinker -no_adhoc_codesign -o /Users/bcolf/Library/Developer/Xcode/DerivedData/NaarsCars-haqsfbprmqosxwbpqeoibavdicql/Build/Products/Debug-iphonesimulator/NaarsCars.app/NaarsCars

ExtractAppIntentsMetadata (in target 'NaarsCars' from project 'NaarsCars')
    cd /Users/bcolf/.cursor/worktrees/naars-cars-ios/vlw/NaarsCars
    /Applications/Xcode.app/Contents/Developer/Toolchains/XcodeDefault.xctoolchain/usr/bin/appintentsmetadataprocessor --toolchain-dir /Applications/Xcode.app/Contents/Developer/Toolchains/XcodeDefault.xctoolchain --module-name NaarsCars --sdk-root /Applications/Xcode.app/Contents/Developer/Platforms/iPhoneSimulator.platform/Developer/SDKs/iPhoneSimulator26.2.sdk --xcode-version 17C52 --platform-family iOS --deployment-target 17.0 --bundle-identifier com.NaarsCars --output /Users/bcolf/Library/Developer/Xcode/DerivedData/NaarsCars-haqsfbprmqosxwbpqeoibavdicql/Build/Products/Debug-iphonesimulator/NaarsCars.app --target-triple arm64-apple-ios17.0-simulator --binary-file /Users/bcolf/Library/Developer/Xcode/DerivedData/NaarsCars-haqsfbprmqosxwbpqeoibavdicql/Build/Products/Debug-iphonesimulator/NaarsCars.app/NaarsCars --dependency-file /Users/bcolf/Library/Developer/Xcode/DerivedData/NaarsCars-haqsfbprmqosxwbpqeoibavdicql/Build/Intermediates.noindex/NaarsCars.build/Debug-iphonesimulator/NaarsCars.build/Objects-normal/arm64/NaarsCars_dependency_info.dat --stringsdata-file /Users/bcolf/Library/Developer/Xcode/DerivedData/NaarsCars-haqsfbprmqosxwbpqeoibavdicql/Build/Intermediates.noindex/NaarsCars.build/Debug-iphonesimulator/NaarsCars.build/Objects-normal/arm64/ExtractedAppShortcutsMetadata.stringsdata --source-file-list /Users/bcolf/Library/Developer/Xcode/DerivedData/NaarsCars-haqsfbprmqosxwbpqeoibavdicql/Build/Intermediates.noindex/NaarsCars.build/Debug-iphonesimulator/NaarsCars.build/Objects-normal/arm64/NaarsCars.SwiftFileList --metadata-file-list /Users/bcolf/Library/Developer/Xcode/DerivedData/NaarsCars-haqsfbprmqosxwbpqeoibavdicql/Build/Intermediates.noindex/NaarsCars.build/Debug-iphonesimulator/NaarsCars.build/NaarsCars.DependencyMetadataFileList --static-metadata-file-list /Users/bcolf/Library/Developer/Xcode/DerivedData/NaarsCars-haqsfbprmqosxwbpqeoibavdicql/Build/Intermediates.noindex/NaarsCars.build/Debug-iphonesimulator/NaarsCars.build/NaarsCars.DependencyStaticMetadataFileList --swift-const-vals-list /Users/bcolf/Library/Developer/Xcode/DerivedData/NaarsCars-haqsfbprmqosxwbpqeoibavdicql/Build/Intermediates.noindex/NaarsCars.build/Debug-iphonesimulator/NaarsCars.build/Objects-normal/arm64/NaarsCars.SwiftConstValuesFileList --compile-time-extraction --deployment-aware-processing --validate-assistant-intents --no-app-shortcuts-localization
2026-01-05 00:52:00.832 appintentsmetadataprocessor[31987:330654] Starting appintentsmetadataprocessor export
2026-01-05 00:52:00.834 appintentsmetadataprocessor[31987:330654] warning: Metadata extraction skipped. No AppIntents.framework dependency found.

CopySwiftLibs /Users/bcolf/Library/Developer/Xcode/DerivedData/NaarsCars-haqsfbprmqosxwbpqeoibavdicql/Build/Products/Debug-iphonesimulator/NaarsCars.app (in target 'NaarsCars' from project 'NaarsCars')
    cd /Users/bcolf/.cursor/worktrees/naars-cars-ios/vlw/NaarsCars
    builtin-swiftStdLibTool --copy --verbose --sign - --scan-executable /Users/bcolf/Library/Developer/Xcode/DerivedData/NaarsCars-haqsfbprmqosxwbpqeoibavdicql/Build/Products/Debug-iphonesimulator/NaarsCars.app/NaarsCars.debug.dylib --scan-folder /Users/bcolf/Library/Developer/Xcode/DerivedData/NaarsCars-haqsfbprmqosxwbpqeoibavdicql/Build/Products/Debug-iphonesimulator/NaarsCars.app/Frameworks --scan-folder /Users/bcolf/Library/Developer/Xcode/DerivedData/NaarsCars-haqsfbprmqosxwbpqeoibavdicql/Build/Products/Debug-iphonesimulator/NaarsCars.app/PlugIns --scan-folder /Users/bcolf/Library/Developer/Xcode/DerivedData/NaarsCars-haqsfbprmqosxwbpqeoibavdicql/Build/Products/Debug-iphonesimulator/NaarsCars.app/SystemExtensions --scan-folder /Users/bcolf/Library/Developer/Xcode/DerivedData/NaarsCars-haqsfbprmqosxwbpqeoibavdicql/Build/Products/Debug-iphonesimulator/NaarsCars.app/Extensions --platform iphonesimulator --toolchain /Applications/Xcode.app/Contents/Developer/Toolchains/XcodeDefault.xctoolchain --destination /Users/bcolf/Library/Developer/Xcode/DerivedData/NaarsCars-haqsfbprmqosxwbpqeoibavdicql/Build/Products/Debug-iphonesimulator/NaarsCars.app/Frameworks --strip-bitcode --strip-bitcode-tool /Applications/Xcode.app/Contents/Developer/Toolchains/XcodeDefault.xctoolchain/usr/bin/bitcode_strip --emit-dependency-info /Users/bcolf/Library/Developer/Xcode/DerivedData/NaarsCars-haqsfbprmqosxwbpqeoibavdicql/Build/Intermediates.noindex/NaarsCars.build/Debug-iphonesimulator/NaarsCars.build/SwiftStdLibToolInputDependencies.dep --filter-for-swift-os

Ld /Users/bcolf/Library/Developer/Xcode/DerivedData/NaarsCars-haqsfbprmqosxwbpqeoibavdicql/Build/Products/Debug-iphonesimulator/NaarsCars.app/PlugIns/NaarsCarsTests.xctest/NaarsCarsTests normal (in target 'NaarsCarsTests' from project 'NaarsCars')
    cd /Users/bcolf/.cursor/worktrees/naars-cars-ios/vlw/NaarsCars
    /Applications/Xcode.app/Contents/Developer/Toolchains/XcodeDefault.xctoolchain/usr/bin/clang -Xlinker -reproducible -target arm64-apple-ios17.0-simulator -bundle -isysroot /Applications/Xcode.app/Contents/Developer/Platforms/iPhoneSimulator.platform/Developer/SDKs/iPhoneSimulator26.2.sdk -O0 -L/Users/bcolf/Library/Developer/Xcode/DerivedData/NaarsCars-haqsfbprmqosxwbpqeoibavdicql/Build/Intermediates.noindex/EagerLinkingTBDs/Debug-iphonesimulator -L/Users/bcolf/Library/Developer/Xcode/DerivedData/NaarsCars-haqsfbprmqosxwbpqeoibavdicql/Build/Products/Debug-iphonesimulator -L/Applications/Xcode.app/Contents/Developer/Platforms/iPhoneSimulator.platform/Developer/usr/lib -F/Users/bcolf/Library/Developer/Xcode/DerivedData/NaarsCars-haqsfbprmqosxwbpqeoibavdicql/Build/Intermediates.noindex/EagerLinkingTBDs/Debug-iphonesimulator -F/Users/bcolf/Library/Developer/Xcode/DerivedData/NaarsCars-haqsfbprmqosxwbpqeoibavdicql/Build/Products/Debug-iphonesimulator/PackageFrameworks -F/Users/bcolf/Library/Developer/Xcode/DerivedData/NaarsCars-haqsfbprmqosxwbpqeoibavdicql/Build/Products/Debug-iphonesimulator/PackageFrameworks -F/Users/bcolf/Library/Developer/Xcode/DerivedData/NaarsCars-haqsfbprmqosxwbpqeoibavdicql/Build/Products/Debug-iphonesimulator/PackageFrameworks -F/Users/bcolf/Library/Developer/Xcode/DerivedData/NaarsCars-haqsfbprmqosxwbpqeoibavdicql/Build/Products/Debug-iphonesimulator/PackageFrameworks -F/Users/bcolf/Library/Developer/Xcode/DerivedData/NaarsCars-haqsfbprmqosxwbpqeoibavdicql/Build/Products/Debug-iphonesimulator/PackageFrameworks -F/Users/bcolf/Library/Developer/Xcode/DerivedData/NaarsCars-haqsfbprmqosxwbpqeoibavdicql/Build/Products/Debug-iphonesimulator/PackageFrameworks -F/Users/bcolf/Library/Developer/Xcode/DerivedData/NaarsCars-haqsfbprmqosxwbpqeoibavdicql/Build/Products/Debug-iphonesimulator/PackageFrameworks -F/Users/bcolf/Library/Developer/Xcode/DerivedData/NaarsCars-haqsfbprmqosxwbpqeoibavdicql/Build/Products/Debug-iphonesimulator/PackageFrameworks -F/Users/bcolf/Library/Developer/Xcode/DerivedData/NaarsCars-haqsfbprmqosxwbpqeoibavdicql/Build/Products/Debug-iphonesimulator/PackageFrameworks -F/Users/bcolf/Library/Developer/Xcode/DerivedData/NaarsCars-haqsfbprmqosxwbpqeoibavdicql/Build/Products/Debug-iphonesimulator/PackageFrameworks -F/Users/bcolf/Library/Developer/Xcode/DerivedData/NaarsCars-haqsfbprmqosxwbpqeoibavdicql/Build/Products/Debug-iphonesimulator/PackageFrameworks -F/Users/bcolf/Library/Developer/Xcode/DerivedData/NaarsCars-haqsfbprmqosxwbpqeoibavdicql/Build/Products/Debug-iphonesimulator/PackageFrameworks -F/Users/bcolf/Library/Developer/Xcode/DerivedData/NaarsCars-haqsfbprmqosxwbpqeoibavdicql/Build/Products/Debug-iphonesimulator/PackageFrameworks -F/Users/bcolf/Library/Developer/Xcode/DerivedData/NaarsCars-haqsfbprmqosxwbpqeoibavdicql/Build/Products/Debug-iphonesimulator/PackageFrameworks -F/Users/bcolf/Library/Developer/Xcode/DerivedData/NaarsCars-haqsfbprmqosxwbpqeoibavdicql/Build/Products/Debug-iphonesimulator -iframework /Applications/Xcode.app/Contents/Developer/Platforms/iPhoneSimulator.platform/Developer/Library/Frameworks -iframework /Applications/Xcode.app/Contents/Developer/Platforms/iPhoneSimulator.platform/Developer/SDKs/iPhoneSimulator26.2.sdk/Developer/Library/Frameworks -filelist /Users/bcolf/Library/Developer/Xcode/DerivedData/NaarsCars-haqsfbprmqosxwbpqeoibavdicql/Build/Intermediates.noindex/NaarsCars.build/Debug-iphonesimulator/NaarsCarsTests.build/Objects-normal/arm64/NaarsCarsTests.LinkFileList -Xlinker -rpath -Xlinker /usr/lib/swift -Xlinker -rpath -Xlinker /Users/bcolf/Library/Developer/Xcode/DerivedData/NaarsCars-haqsfbprmqosxwbpqeoibavdicql/Build/Products/Debug-iphonesimulator/PackageFrameworks -Xlinker -rpath -Xlinker @loader_path/Frameworks -Xlinker -rpath -Xlinker @executable_path/Frameworks -dead_strip -bundle_loader /Users/bcolf/Library/Developer/Xcode/DerivedData/NaarsCars-haqsfbprmqosxwbpqeoibavdicql/Build/Products/Debug-iphonesimulator/NaarsCars.app/NaarsCars -Xlinker -object_path_lto -Xlinker /Users/bcolf/Library/Developer/Xcode/DerivedData/NaarsCars-haqsfbprmqosxwbpqeoibavdicql/Build/Intermediates.noindex/NaarsCars.build/Debug-iphonesimulator/NaarsCarsTests.build/Objects-normal/arm64/NaarsCarsTests_lto.o -rdynamic -Xlinker -no_deduplicate -Xlinker -objc_abi_version -Xlinker 2 -Xlinker -dependency_info -Xlinker /Users/bcolf/Library/Developer/Xcode/DerivedData/NaarsCars-haqsfbprmqosxwbpqeoibavdicql/Build/Intermediates.noindex/NaarsCars.build/Debug-iphonesimulator/NaarsCarsTests.build/Objects-normal/arm64/NaarsCarsTests_dependency_info.dat -fobjc-link-runtime -L/Applications/Xcode.app/Contents/Developer/Toolchains/XcodeDefault.xctoolchain/usr/lib/swift/iphonesimulator -L/usr/lib/swift -Xlinker -add_ast_path -Xlinker /Users/bcolf/Library/Developer/Xcode/DerivedData/NaarsCars-haqsfbprmqosxwbpqeoibavdicql/Build/Intermediates.noindex/NaarsCars.build/Debug-iphonesimulator/NaarsCarsTests.build/Objects-normal/arm64/NaarsCarsTests.swiftmodule @/Users/bcolf/Library/Developer/Xcode/DerivedData/NaarsCars-haqsfbprmqosxwbpqeoibavdicql/Build/Intermediates.noindex/NaarsCars.build/Debug-iphonesimulator/NaarsCarsTests.build/Objects-normal/arm64/NaarsCarsTests-linker-args.resp -Wl,-no_warn_duplicate_libraries -Wl,-no_warn_duplicate_libraries -Wl,-no_warn_duplicate_libraries -Wl,-no_warn_duplicate_libraries -Wl,-no_warn_duplicate_libraries -Wl,-no_warn_duplicate_libraries -Wl,-no_warn_duplicate_libraries -Wl,-no_warn_duplicate_libraries -Wl,-no_warn_duplicate_libraries -Wl,-no_warn_duplicate_libraries -Wl,-no_warn_duplicate_libraries -Wl,-no_warn_duplicate_libraries -Wl,-no_warn_duplicate_libraries -Wl,-no_warn_duplicate_libraries -Xlinker -needed_framework -Xlinker XCTest -framework XCTest -Xlinker -needed-lXCTestSwiftSupport -lXCTestSwiftSupport /Users/bcolf/Library/Developer/Xcode/DerivedData/NaarsCars-haqsfbprmqosxwbpqeoibavdicql/Build/Products/Debug-iphonesimulator/NaarsCars.app/NaarsCars.debug.dylib -Xlinker -no_adhoc_codesign -o /Users/bcolf/Library/Developer/Xcode/DerivedData/NaarsCars-haqsfbprmqosxwbpqeoibavdicql/Build/Products/Debug-iphonesimulator/NaarsCars.app/PlugIns/NaarsCarsTests.xctest/NaarsCarsTests

ExtractAppIntentsMetadata (in target 'NaarsCarsTests' from project 'NaarsCars')
    cd /Users/bcolf/.cursor/worktrees/naars-cars-ios/vlw/NaarsCars
    /Applications/Xcode.app/Contents/Developer/Toolchains/XcodeDefault.xctoolchain/usr/bin/appintentsmetadataprocessor --toolchain-dir /Applications/Xcode.app/Contents/Developer/Toolchains/XcodeDefault.xctoolchain --module-name NaarsCarsTests --sdk-root /Applications/Xcode.app/Contents/Developer/Platforms/iPhoneSimulator.platform/Developer/SDKs/iPhoneSimulator26.2.sdk --xcode-version 17C52 --platform-family iOS --deployment-target 17.0 --bundle-identifier com.NaarsCarsTests --output /Users/bcolf/Library/Developer/Xcode/DerivedData/NaarsCars-haqsfbprmqosxwbpqeoibavdicql/Build/Products/Debug-iphonesimulator/NaarsCars.app/PlugIns/NaarsCarsTests.xctest --target-triple arm64-apple-ios17.0-simulator --binary-file /Users/bcolf/Library/Developer/Xcode/DerivedData/NaarsCars-haqsfbprmqosxwbpqeoibavdicql/Build/Products/Debug-iphonesimulator/NaarsCars.app/PlugIns/NaarsCarsTests.xctest/NaarsCarsTests --dependency-file /Users/bcolf/Library/Developer/Xcode/DerivedData/NaarsCars-haqsfbprmqosxwbpqeoibavdicql/Build/Intermediates.noindex/NaarsCars.build/Debug-iphonesimulator/NaarsCarsTests.build/Objects-normal/arm64/NaarsCarsTests_dependency_info.dat --stringsdata-file /Users/bcolf/Library/Developer/Xcode/DerivedData/NaarsCars-haqsfbprmqosxwbpqeoibavdicql/Build/Intermediates.noindex/NaarsCars.build/Debug-iphonesimulator/NaarsCarsTests.build/Objects-normal/arm64/ExtractedAppShortcutsMetadata.stringsdata --source-file-list /Users/bcolf/Library/Developer/Xcode/DerivedData/NaarsCars-haqsfbprmqosxwbpqeoibavdicql/Build/Intermediates.noindex/NaarsCars.build/Debug-iphonesimulator/NaarsCarsTests.build/Objects-normal/arm64/NaarsCarsTests.SwiftFileList --metadata-file-list /Users/bcolf/Library/Developer/Xcode/DerivedData/NaarsCars-haqsfbprmqosxwbpqeoibavdicql/Build/Intermediates.noindex/NaarsCars.build/Debug-iphonesimulator/NaarsCarsTests.build/NaarsCarsTests.DependencyMetadataFileList --static-metadata-file-list /Users/bcolf/Library/Developer/Xcode/DerivedData/NaarsCars-haqsfbprmqosxwbpqeoibavdicql/Build/Intermediates.noindex/NaarsCars.build/Debug-iphonesimulator/NaarsCarsTests.build/NaarsCarsTests.DependencyStaticMetadataFileList --swift-const-vals-list /Users/bcolf/Library/Developer/Xcode/DerivedData/NaarsCars-haqsfbprmqosxwbpqeoibavdicql/Build/Intermediates.noindex/NaarsCars.build/Debug-iphonesimulator/NaarsCarsTests.build/Objects-normal/arm64/NaarsCarsTests.SwiftConstValuesFileList --compile-time-extraction --deployment-aware-processing --validate-assistant-intents --no-app-shortcuts-localization
2026-01-05 00:52:01.152 appintentsmetadataprocessor[31990:330668] Starting appintentsmetadataprocessor export
2026-01-05 00:52:01.154 appintentsmetadataprocessor[31990:330668] warning: Metadata extraction skipped. No AppIntents.framework dependency found.

ProcessInfoPlistFile /Users/bcolf/Library/Developer/Xcode/DerivedData/NaarsCars-haqsfbprmqosxwbpqeoibavdicql/Build/Products/Debug-iphonesimulator/NaarsCars.app/PlugIns/NaarsCarsTests.xctest/Info.plist /Users/bcolf/Library/Developer/Xcode/DerivedData/NaarsCars-haqsfbprmqosxwbpqeoibavdicql/Build/Intermediates.noindex/NaarsCars.build/Debug-iphonesimulator/NaarsCarsTests.build/empty-NaarsCarsTests.plist (in target 'NaarsCarsTests' from project 'NaarsCars')
    cd /Users/bcolf/.cursor/worktrees/naars-cars-ios/vlw/NaarsCars
    builtin-infoPlistUtility /Users/bcolf/Library/Developer/Xcode/DerivedData/NaarsCars-haqsfbprmqosxwbpqeoibavdicql/Build/Intermediates.noindex/NaarsCars.build/Debug-iphonesimulator/NaarsCarsTests.build/empty-NaarsCarsTests.plist -producttype com.apple.product-type.bundle.unit-test -expandbuildsettings -format binary -platform iphonesimulator -scanforprivacyfile /Users/bcolf/Library/Developer/Xcode/DerivedData/NaarsCars-haqsfbprmqosxwbpqeoibavdicql/Build/Products/Debug-iphonesimulator/NaarsCars.app/PlugIns/NaarsCarsTests.xctest/swift-crypto_Crypto.bundle -o /Users/bcolf/Library/Developer/Xcode/DerivedData/NaarsCars-haqsfbprmqosxwbpqeoibavdicql/Build/Products/Debug-iphonesimulator/NaarsCars.app/PlugIns/NaarsCarsTests.xctest/Info.plist

ProcessProductPackaging "" /Users/bcolf/Library/Developer/Xcode/DerivedData/NaarsCars-haqsfbprmqosxwbpqeoibavdicql/Build/Intermediates.noindex/NaarsCars.build/Debug-iphonesimulator/NaarsCarsUITests.build/NaarsCarsUITests.xctest-Simulated.xcent (in target 'NaarsCarsUITests' from project 'NaarsCars')
    cd /Users/bcolf/.cursor/worktrees/naars-cars-ios/vlw/NaarsCars
    
    Entitlements:
    
    {
    "application-identifier" = "FAKETEAMID.com.NaarsCarsUITests.xctrunner";
    "keychain-access-groups" =     (
        "FAKETEAMID.com.NaarsCarsUITests.xctrunner"
    );
}
    
    builtin-productPackagingUtility -entitlements -format xml -o /Users/bcolf/Library/Developer/Xcode/DerivedData/NaarsCars-haqsfbprmqosxwbpqeoibavdicql/Build/Intermediates.noindex/NaarsCars.build/Debug-iphonesimulator/NaarsCarsUITests.build/NaarsCarsUITests.xctest-Simulated.xcent

ProcessProductPackagingDER /Users/bcolf/Library/Developer/Xcode/DerivedData/NaarsCars-haqsfbprmqosxwbpqeoibavdicql/Build/Intermediates.noindex/NaarsCars.build/Debug-iphonesimulator/NaarsCarsUITests.build/NaarsCarsUITests.xctest-Simulated.xcent /Users/bcolf/Library/Developer/Xcode/DerivedData/NaarsCars-haqsfbprmqosxwbpqeoibavdicql/Build/Intermediates.noindex/NaarsCars.build/Debug-iphonesimulator/NaarsCarsUITests.build/NaarsCarsUITests.xctest-Simulated.xcent.der (in target 'NaarsCarsUITests' from project 'NaarsCars')
    cd /Users/bcolf/.cursor/worktrees/naars-cars-ios/vlw/NaarsCars
    /usr/bin/derq query -f xml -i /Users/bcolf/Library/Developer/Xcode/DerivedData/NaarsCars-haqsfbprmqosxwbpqeoibavdicql/Build/Intermediates.noindex/NaarsCars.build/Debug-iphonesimulator/NaarsCarsUITests.build/NaarsCarsUITests.xctest-Simulated.xcent -o /Users/bcolf/Library/Developer/Xcode/DerivedData/NaarsCars-haqsfbprmqosxwbpqeoibavdicql/Build/Intermediates.noindex/NaarsCars.build/Debug-iphonesimulator/NaarsCarsUITests.build/NaarsCarsUITests.xctest-Simulated.xcent.der --raw

CopySwiftLibs /Users/bcolf/Library/Developer/Xcode/DerivedData/NaarsCars-haqsfbprmqosxwbpqeoibavdicql/Build/Products/Debug-iphonesimulator/NaarsCars.app/PlugIns/NaarsCarsTests.xctest (in target 'NaarsCarsTests' from project 'NaarsCars')
    cd /Users/bcolf/.cursor/worktrees/naars-cars-ios/vlw/NaarsCars
    builtin-swiftStdLibTool --copy --verbose --sign - --scan-executable /Users/bcolf/Library/Developer/Xcode/DerivedData/NaarsCars-haqsfbprmqosxwbpqeoibavdicql/Build/Products/Debug-iphonesimulator/NaarsCars.app/PlugIns/NaarsCarsTests.xctest/NaarsCarsTests --scan-folder /Users/bcolf/Library/Developer/Xcode/DerivedData/NaarsCars-haqsfbprmqosxwbpqeoibavdicql/Build/Products/Debug-iphonesimulator/NaarsCars.app/PlugIns/NaarsCarsTests.xctest/Frameworks --scan-folder /Users/bcolf/Library/Developer/Xcode/DerivedData/NaarsCars-haqsfbprmqosxwbpqeoibavdicql/Build/Products/Debug-iphonesimulator/NaarsCars.app/PlugIns/NaarsCarsTests.xctest/PlugIns --scan-folder /Users/bcolf/Library/Developer/Xcode/DerivedData/NaarsCars-haqsfbprmqosxwbpqeoibavdicql/Build/Products/Debug-iphonesimulator/NaarsCars.app/PlugIns/NaarsCarsTests.xctest/SystemExtensions --scan-folder /Users/bcolf/Library/Developer/Xcode/DerivedData/NaarsCars-haqsfbprmqosxwbpqeoibavdicql/Build/Products/Debug-iphonesimulator/NaarsCars.app/PlugIns/NaarsCarsTests.xctest/Extensions --platform iphonesimulator --toolchain /Applications/Xcode.app/Contents/Developer/Toolchains/XcodeDefault.xctoolchain --destination /Users/bcolf/Library/Developer/Xcode/DerivedData/NaarsCars-haqsfbprmqosxwbpqeoibavdicql/Build/Products/Debug-iphonesimulator/NaarsCars.app/PlugIns/NaarsCarsTests.xctest/Frameworks --strip-bitcode --scan-executable /Applications/Xcode.app/Contents/Developer/Platforms/iPhoneSimulator.platform/Developer/usr/lib/libXCTestSwiftSupport.dylib --strip-bitcode-tool /Applications/Xcode.app/Contents/Developer/Toolchains/XcodeDefault.xctoolchain/usr/bin/bitcode_strip --emit-dependency-info /Users/bcolf/Library/Developer/Xcode/DerivedData/NaarsCars-haqsfbprmqosxwbpqeoibavdicql/Build/Intermediates.noindex/NaarsCars.build/Debug-iphonesimulator/NaarsCarsTests.build/SwiftStdLibToolInputDependencies.dep --filter-for-swift-os

CodeSign /Users/bcolf/Library/Developer/Xcode/DerivedData/NaarsCars-haqsfbprmqosxwbpqeoibavdicql/Build/Products/Debug-iphonesimulator/NaarsCars.app/PlugIns/NaarsCarsTests.xctest (in target 'NaarsCarsTests' from project 'NaarsCars')
    cd /Users/bcolf/.cursor/worktrees/naars-cars-ios/vlw/NaarsCars
    
    Signing Identity:     "Sign to Run Locally"
    
    /usr/bin/codesign --force --sign - --timestamp\=none --generate-entitlement-der /Users/bcolf/Library/Developer/Xcode/DerivedData/NaarsCars-haqsfbprmqosxwbpqeoibavdicql/Build/Products/Debug-iphonesimulator/NaarsCars.app/PlugIns/NaarsCarsTests.xctest

CodeSign /Users/bcolf/Library/Developer/Xcode/DerivedData/NaarsCars-haqsfbprmqosxwbpqeoibavdicql/Build/Products/Debug-iphonesimulator/NaarsCars.app/NaarsCars.debug.dylib (in target 'NaarsCars' from project 'NaarsCars')
    cd /Users/bcolf/.cursor/worktrees/naars-cars-ios/vlw/NaarsCars
    
    Signing Identity:     "Sign to Run Locally"
    
    /usr/bin/codesign --force --sign - --timestamp\=none --generate-entitlement-der /Users/bcolf/Library/Developer/Xcode/DerivedData/NaarsCars-haqsfbprmqosxwbpqeoibavdicql/Build/Products/Debug-iphonesimulator/NaarsCars.app/NaarsCars.debug.dylib

CodeSign /Users/bcolf/Library/Developer/Xcode/DerivedData/NaarsCars-haqsfbprmqosxwbpqeoibavdicql/Build/Products/Debug-iphonesimulator/NaarsCars.app/__preview.dylib (in target 'NaarsCars' from project 'NaarsCars')
    cd /Users/bcolf/.cursor/worktrees/naars-cars-ios/vlw/NaarsCars
    
    Signing Identity:     "Sign to Run Locally"
    
    /usr/bin/codesign --force --sign - --timestamp\=none --generate-entitlement-der /Users/bcolf/Library/Developer/Xcode/DerivedData/NaarsCars-haqsfbprmqosxwbpqeoibavdicql/Build/Products/Debug-iphonesimulator/NaarsCars.app/__preview.dylib
/Users/bcolf/Library/Developer/Xcode/DerivedData/NaarsCars-haqsfbprmqosxwbpqeoibavdicql/Build/Products/Debug-iphonesimulator/NaarsCars.app/__preview.dylib: replacing existing signature

CodeSign /Users/bcolf/Library/Developer/Xcode/DerivedData/NaarsCars-haqsfbprmqosxwbpqeoibavdicql/Build/Products/Debug-iphonesimulator/NaarsCars.app (in target 'NaarsCars' from project 'NaarsCars')
    cd /Users/bcolf/.cursor/worktrees/naars-cars-ios/vlw/NaarsCars
    
    Signing Identity:     "Sign to Run Locally"
    
    /usr/bin/codesign --force --sign - --timestamp\=none --generate-entitlement-der /Users/bcolf/Library/Developer/Xcode/DerivedData/NaarsCars-haqsfbprmqosxwbpqeoibavdicql/Build/Products/Debug-iphonesimulator/NaarsCars.app

Validate /Users/bcolf/Library/Developer/Xcode/DerivedData/NaarsCars-haqsfbprmqosxwbpqeoibavdicql/Build/Products/Debug-iphonesimulator/NaarsCars.app (in target 'NaarsCars' from project 'NaarsCars')
    cd /Users/bcolf/.cursor/worktrees/naars-cars-ios/vlw/NaarsCars
    builtin-validationUtility /Users/bcolf/Library/Developer/Xcode/DerivedData/NaarsCars-haqsfbprmqosxwbpqeoibavdicql/Build/Products/Debug-iphonesimulator/NaarsCars.app -shallow-bundle -infoplist-subpath Info.plist

ProcessInfoPlistFile /Users/bcolf/Library/Developer/Xcode/DerivedData/NaarsCars-haqsfbprmqosxwbpqeoibavdicql/Build/Products/Debug-iphonesimulator/NaarsCarsUITests-Runner.app/PlugIns/NaarsCarsUITests.xctest/Info.plist /Users/bcolf/Library/Developer/Xcode/DerivedData/NaarsCars-haqsfbprmqosxwbpqeoibavdicql/Build/Intermediates.noindex/NaarsCars.build/Debug-iphonesimulator/NaarsCarsUITests.build/empty-NaarsCarsUITests.plist (in target 'NaarsCarsUITests' from project 'NaarsCars')
    cd /Users/bcolf/.cursor/worktrees/naars-cars-ios/vlw/NaarsCars
    builtin-infoPlistUtility /Users/bcolf/Library/Developer/Xcode/DerivedData/NaarsCars-haqsfbprmqosxwbpqeoibavdicql/Build/Intermediates.noindex/NaarsCars.build/Debug-iphonesimulator/NaarsCarsUITests.build/empty-NaarsCarsUITests.plist -producttype com.apple.product-type.bundle.ui-testing -expandbuildsettings -format binary -platform iphonesimulator -additionalcontentfile /Users/bcolf/Library/Developer/Xcode/DerivedData/NaarsCars-haqsfbprmqosxwbpqeoibavdicql/Build/Intermediates.noindex/NaarsCars.build/Debug-iphonesimulator/NaarsCarsUITests.build/ProductTypeInfoPlistAdditions.plist -o /Users/bcolf/Library/Developer/Xcode/DerivedData/NaarsCars-haqsfbprmqosxwbpqeoibavdicql/Build/Products/Debug-iphonesimulator/NaarsCarsUITests-Runner.app/PlugIns/NaarsCarsUITests.xctest/Info.plist

Ld /Users/bcolf/Library/Developer/Xcode/DerivedData/NaarsCars-haqsfbprmqosxwbpqeoibavdicql/Build/Products/Debug-iphonesimulator/NaarsCarsUITests-Runner.app/PlugIns/NaarsCarsUITests.xctest/NaarsCarsUITests normal (in target 'NaarsCarsUITests' from project 'NaarsCars')
    cd /Users/bcolf/.cursor/worktrees/naars-cars-ios/vlw/NaarsCars
    /Applications/Xcode.app/Contents/Developer/Toolchains/XcodeDefault.xctoolchain/usr/bin/clang -Xlinker -reproducible -target arm64-apple-ios17.0-simulator -bundle -isysroot /Applications/Xcode.app/Contents/Developer/Platforms/iPhoneSimulator.platform/Developer/SDKs/iPhoneSimulator26.2.sdk -O0 -L/Users/bcolf/Library/Developer/Xcode/DerivedData/NaarsCars-haqsfbprmqosxwbpqeoibavdicql/Build/Intermediates.noindex/EagerLinkingTBDs/Debug-iphonesimulator -L/Users/bcolf/Library/Developer/Xcode/DerivedData/NaarsCars-haqsfbprmqosxwbpqeoibavdicql/Build/Products/Debug-iphonesimulator -L/Applications/Xcode.app/Contents/Developer/Platforms/iPhoneSimulator.platform/Developer/usr/lib -F/Users/bcolf/Library/Developer/Xcode/DerivedData/NaarsCars-haqsfbprmqosxwbpqeoibavdicql/Build/Intermediates.noindex/EagerLinkingTBDs/Debug-iphonesimulator -F/Users/bcolf/Library/Developer/Xcode/DerivedData/NaarsCars-haqsfbprmqosxwbpqeoibavdicql/Build/Products/Debug-iphonesimulator -iframework /Applications/Xcode.app/Contents/Developer/Platforms/iPhoneSimulator.platform/Developer/Library/Frameworks -iframework /Applications/Xcode.app/Contents/Developer/Platforms/iPhoneSimulator.platform/Developer/SDKs/iPhoneSimulator26.2.sdk/Developer/Library/Frameworks -filelist /Users/bcolf/Library/Developer/Xcode/DerivedData/NaarsCars-haqsfbprmqosxwbpqeoibavdicql/Build/Intermediates.noindex/NaarsCars.build/Debug-iphonesimulator/NaarsCarsUITests.build/Objects-normal/arm64/NaarsCarsUITests.LinkFileList -Xlinker -rpath -Xlinker /usr/lib/swift -Xlinker -rpath -Xlinker @loader_path/Frameworks -dead_strip -Xlinker -object_path_lto -Xlinker /Users/bcolf/Library/Developer/Xcode/DerivedData/NaarsCars-haqsfbprmqosxwbpqeoibavdicql/Build/Intermediates.noindex/NaarsCars.build/Debug-iphonesimulator/NaarsCarsUITests.build/Objects-normal/arm64/NaarsCarsUITests_lto.o -rdynamic -Xlinker -no_deduplicate -Xlinker -objc_abi_version -Xlinker 2 -Xlinker -dependency_info -Xlinker /Users/bcolf/Library/Developer/Xcode/DerivedData/NaarsCars-haqsfbprmqosxwbpqeoibavdicql/Build/Intermediates.noindex/NaarsCars.build/Debug-iphonesimulator/NaarsCarsUITests.build/Objects-normal/arm64/NaarsCarsUITests_dependency_info.dat -fobjc-link-runtime -L/Applications/Xcode.app/Contents/Developer/Toolchains/XcodeDefault.xctoolchain/usr/lib/swift/iphonesimulator -L/usr/lib/swift -Xlinker -add_ast_path -Xlinker /Users/bcolf/Library/Developer/Xcode/DerivedData/NaarsCars-haqsfbprmqosxwbpqeoibavdicql/Build/Intermediates.noindex/NaarsCars.build/Debug-iphonesimulator/NaarsCarsUITests.build/Objects-normal/arm64/NaarsCarsUITests.swiftmodule @/Users/bcolf/Library/Developer/Xcode/DerivedData/NaarsCars-haqsfbprmqosxwbpqeoibavdicql/Build/Intermediates.noindex/NaarsCars.build/Debug-iphonesimulator/NaarsCarsUITests.build/Objects-normal/arm64/NaarsCarsUITests-linker-args.resp -Xlinker -needed_framework -Xlinker XCTest -framework XCTest -Xlinker -needed-lXCTestSwiftSupport -lXCTestSwiftSupport -Xlinker -sectcreate -Xlinker __TEXT -Xlinker __entitlements -Xlinker /Users/bcolf/Library/Developer/Xcode/DerivedData/NaarsCars-haqsfbprmqosxwbpqeoibavdicql/Build/Intermediates.noindex/NaarsCars.build/Debug-iphonesimulator/NaarsCarsUITests.build/NaarsCarsUITests.xctest-Simulated.xcent -Xlinker -sectcreate -Xlinker __TEXT -Xlinker __ents_der -Xlinker /Users/bcolf/Library/Developer/Xcode/DerivedData/NaarsCars-haqsfbprmqosxwbpqeoibavdicql/Build/Intermediates.noindex/NaarsCars.build/Debug-iphonesimulator/NaarsCarsUITests.build/NaarsCarsUITests.xctest-Simulated.xcent.der -Xlinker -no_adhoc_codesign -o /Users/bcolf/Library/Developer/Xcode/DerivedData/NaarsCars-haqsfbprmqosxwbpqeoibavdicql/Build/Products/Debug-iphonesimulator/NaarsCarsUITests-Runner.app/PlugIns/NaarsCarsUITests.xctest/NaarsCarsUITests

CopySwiftLibs /Users/bcolf/Library/Developer/Xcode/DerivedData/NaarsCars-haqsfbprmqosxwbpqeoibavdicql/Build/Products/Debug-iphonesimulator/NaarsCarsUITests-Runner.app/PlugIns/NaarsCarsUITests.xctest (in target 'NaarsCarsUITests' from project 'NaarsCars')
    cd /Users/bcolf/.cursor/worktrees/naars-cars-ios/vlw/NaarsCars
    builtin-swiftStdLibTool --copy --verbose --sign - --scan-executable /Users/bcolf/Library/Developer/Xcode/DerivedData/NaarsCars-haqsfbprmqosxwbpqeoibavdicql/Build/Products/Debug-iphonesimulator/NaarsCarsUITests-Runner.app/PlugIns/NaarsCarsUITests.xctest/NaarsCarsUITests --scan-folder /Users/bcolf/Library/Developer/Xcode/DerivedData/NaarsCars-haqsfbprmqosxwbpqeoibavdicql/Build/Products/Debug-iphonesimulator/NaarsCarsUITests-Runner.app/PlugIns/NaarsCarsUITests.xctest/Frameworks --scan-folder /Users/bcolf/Library/Developer/Xcode/DerivedData/NaarsCars-haqsfbprmqosxwbpqeoibavdicql/Build/Products/Debug-iphonesimulator/NaarsCarsUITests-Runner.app/PlugIns/NaarsCarsUITests.xctest/PlugIns --scan-folder /Users/bcolf/Library/Developer/Xcode/DerivedData/NaarsCars-haqsfbprmqosxwbpqeoibavdicql/Build/Products/Debug-iphonesimulator/NaarsCarsUITests-Runner.app/PlugIns/NaarsCarsUITests.xctest/SystemExtensions --scan-folder /Users/bcolf/Library/Developer/Xcode/DerivedData/NaarsCars-haqsfbprmqosxwbpqeoibavdicql/Build/Products/Debug-iphonesimulator/NaarsCarsUITests-Runner.app/PlugIns/NaarsCarsUITests.xctest/Extensions --platform iphonesimulator --toolchain /Applications/Xcode.app/Contents/Developer/Toolchains/XcodeDefault.xctoolchain --destination /Users/bcolf/Library/Developer/Xcode/DerivedData/NaarsCars-haqsfbprmqosxwbpqeoibavdicql/Build/Products/Debug-iphonesimulator/NaarsCarsUITests-Runner.app/PlugIns/NaarsCarsUITests.xctest/Frameworks --strip-bitcode --scan-executable /Applications/Xcode.app/Contents/Developer/Platforms/iPhoneSimulator.platform/Developer/usr/lib/libXCTestSwiftSupport.dylib --strip-bitcode-tool /Applications/Xcode.app/Contents/Developer/Toolchains/XcodeDefault.xctoolchain/usr/bin/bitcode_strip --emit-dependency-info /Users/bcolf/Library/Developer/Xcode/DerivedData/NaarsCars-haqsfbprmqosxwbpqeoibavdicql/Build/Intermediates.noindex/NaarsCars.build/Debug-iphonesimulator/NaarsCarsUITests.build/SwiftStdLibToolInputDependencies.dep --filter-for-swift-os

ExtractAppIntentsMetadata (in target 'NaarsCarsUITests' from project 'NaarsCars')
    cd /Users/bcolf/.cursor/worktrees/naars-cars-ios/vlw/NaarsCars
    /Applications/Xcode.app/Contents/Developer/Toolchains/XcodeDefault.xctoolchain/usr/bin/appintentsmetadataprocessor --toolchain-dir /Applications/Xcode.app/Contents/Developer/Toolchains/XcodeDefault.xctoolchain --module-name NaarsCarsUITests --sdk-root /Applications/Xcode.app/Contents/Developer/Platforms/iPhoneSimulator.platform/Developer/SDKs/iPhoneSimulator26.2.sdk --xcode-version 17C52 --platform-family iOS --deployment-target 17.0 --bundle-identifier com.NaarsCarsUITests --output /Users/bcolf/Library/Developer/Xcode/DerivedData/NaarsCars-haqsfbprmqosxwbpqeoibavdicql/Build/Products/Debug-iphonesimulator/NaarsCarsUITests-Runner.app/PlugIns/NaarsCarsUITests.xctest --target-triple arm64-apple-ios17.0-simulator --binary-file /Users/bcolf/Library/Developer/Xcode/DerivedData/NaarsCars-haqsfbprmqosxwbpqeoibavdicql/Build/Products/Debug-iphonesimulator/NaarsCarsUITests-Runner.app/PlugIns/NaarsCarsUITests.xctest/NaarsCarsUITests --dependency-file /Users/bcolf/Library/Developer/Xcode/DerivedData/NaarsCars-haqsfbprmqosxwbpqeoibavdicql/Build/Intermediates.noindex/NaarsCars.build/Debug-iphonesimulator/NaarsCarsUITests.build/Objects-normal/arm64/NaarsCarsUITests_dependency_info.dat --stringsdata-file /Users/bcolf/Library/Developer/Xcode/DerivedData/NaarsCars-haqsfbprmqosxwbpqeoibavdicql/Build/Intermediates.noindex/NaarsCars.build/Debug-iphonesimulator/NaarsCarsUITests.build/Objects-normal/arm64/ExtractedAppShortcutsMetadata.stringsdata --source-file-list /Users/bcolf/Library/Developer/Xcode/DerivedData/NaarsCars-haqsfbprmqosxwbpqeoibavdicql/Build/Intermediates.noindex/NaarsCars.build/Debug-iphonesimulator/NaarsCarsUITests.build/Objects-normal/arm64/NaarsCarsUITests.SwiftFileList --metadata-file-list /Users/bcolf/Library/Developer/Xcode/DerivedData/NaarsCars-haqsfbprmqosxwbpqeoibavdicql/Build/Intermediates.noindex/NaarsCars.build/Debug-iphonesimulator/NaarsCarsUITests.build/NaarsCarsUITests.DependencyMetadataFileList --static-metadata-file-list /Users/bcolf/Library/Developer/Xcode/DerivedData/NaarsCars-haqsfbprmqosxwbpqeoibavdicql/Build/Intermediates.noindex/NaarsCars.build/Debug-iphonesimulator/NaarsCarsUITests.build/NaarsCarsUITests.DependencyStaticMetadataFileList --swift-const-vals-list /Users/bcolf/Library/Developer/Xcode/DerivedData/NaarsCars-haqsfbprmqosxwbpqeoibavdicql/Build/Intermediates.noindex/NaarsCars.build/Debug-iphonesimulator/NaarsCarsUITests.build/Objects-normal/arm64/NaarsCarsUITests.SwiftConstValuesFileList --compile-time-extraction --deployment-aware-processing --validate-assistant-intents --no-app-shortcuts-localization
2026-01-05 00:52:01.579 appintentsmetadataprocessor[31998:330711] Starting appintentsmetadataprocessor export
2026-01-05 00:52:01.581 appintentsmetadataprocessor[31998:330711] warning: Metadata extraction skipped. No AppIntents.framework dependency found.

CodeSign /Users/bcolf/Library/Developer/Xcode/DerivedData/NaarsCars-haqsfbprmqosxwbpqeoibavdicql/Build/Products/Debug-iphonesimulator/NaarsCarsUITests-Runner.app/PlugIns/NaarsCarsUITests.xctest (in target 'NaarsCarsUITests' from project 'NaarsCars')
    cd /Users/bcolf/.cursor/worktrees/naars-cars-ios/vlw/NaarsCars
    
    Signing Identity:     "Sign to Run Locally"
    
    /usr/bin/codesign --force --sign - --timestamp\=none --generate-entitlement-der /Users/bcolf/Library/Developer/Xcode/DerivedData/NaarsCars-haqsfbprmqosxwbpqeoibavdicql/Build/Products/Debug-iphonesimulator/NaarsCarsUITests-Runner.app/PlugIns/NaarsCarsUITests.xctest

2026-01-05 00:53:14.750 xcodebuild[31860:329613] [MT] IDETestOperationsObserverDebug: 73.120 elapsed -- Testing started completed.
2026-01-05 00:53:14.750 xcodebuild[31860:329613] [MT] IDETestOperationsObserverDebug: 0.000 sec, +0.000 sec -- start
2026-01-05 00:53:14.751 xcodebuild[31860:329613] [MT] IDETestOperationsObserverDebug: 73.120 sec, +73.120 sec -- end

Test session results, code coverage, and logs:
	/Users/bcolf/Library/Developer/Xcode/DerivedData/NaarsCars-haqsfbprmqosxwbpqeoibavdicql/Logs/Test/Test-NaarsCars-2026.01.05_00-51-53--0800.xcresult

** TEST SUCCEEDED **

Testing started
