Command line invocation:
    /Applications/Xcode.app/Contents/Developer/usr/bin/xcodebuild test -project NaarsCars/NaarsCars.xcodeproj -scheme NaarsCars -destination "platform=iOS Simulator,name=iPhone 17" "-only-testing:NaarsCarsTests/Core/Utilities/RateLimiterTests" "-only-testing:NaarsCarsTests/Core/Utilities/CacheManagerTests"

Resolve Package Graph


Resolved source packages:
  swift-asn1: https://github.com/apple/swift-asn1.git @ 1.5.1
  swift-clocks: https://github.com/pointfreeco/swift-clocks @ 1.0.6
  swift-concurrency-extras: https://github.com/pointfreeco/swift-concurrency-extras @ 1.3.2
  swift-crypto: https://github.com/apple/swift-crypto.git @ 4.2.0
  xctest-dynamic-overlay: https://github.com/pointfreeco/xctest-dynamic-overlay @ 1.8.0
  Supabase: https://github.com/supabase/supabase-swift @ 2.39.0
  swift-http-types: https://github.com/apple/swift-http-types.git @ 1.5.1

ComputePackagePrebuildTargetDependencyGraph

Prepare packages

CreateBuildRequest

SendProjectDescription

CreateBuildOperation

ComputeTargetDependencyGraph
note: Building targets in dependency order
note: Target dependency graph (30 targets)
    Target 'NaarsCarsUITests' in project 'NaarsCars'
        ➜ Explicit dependency on target 'NaarsCars' in project 'NaarsCars'
    Target 'NaarsCarsTests' in project 'NaarsCars'
        ➜ Explicit dependency on target 'NaarsCars' in project 'NaarsCars'
    Target 'NaarsCars' in project 'NaarsCars'
        ➜ Explicit dependency on target 'PostgREST' in project 'Supabase'
        ➜ Explicit dependency on target 'Functions' in project 'Supabase'
        ➜ Explicit dependency on target 'Supabase' in project 'Supabase'
        ➜ Explicit dependency on target 'Auth' in project 'Supabase'
        ➜ Explicit dependency on target 'Storage' in project 'Supabase'
        ➜ Explicit dependency on target 'Realtime' in project 'Supabase'
    Target 'Realtime' in project 'Supabase'
        ➜ Explicit dependency on target 'Realtime' in project 'Supabase'
        ➜ Explicit dependency on target 'Helpers' in project 'Supabase'
        ➜ Explicit dependency on target 'ConcurrencyExtras' in project 'swift-concurrency-extras'
        ➜ Explicit dependency on target 'HTTPTypes' in project 'swift-http-types'
        ➜ Explicit dependency on target 'Clocks' in project 'swift-clocks'
        ➜ Explicit dependency on target 'XCTestDynamicOverlay' in project 'xctest-dynamic-overlay'
        ➜ Explicit dependency on target 'IssueReporting' in project 'xctest-dynamic-overlay'
    Target 'Storage' in project 'Supabase'
        ➜ Explicit dependency on target 'Storage' in project 'Supabase'
        ➜ Explicit dependency on target 'Helpers' in project 'Supabase'
        ➜ Explicit dependency on target 'ConcurrencyExtras' in project 'swift-concurrency-extras'
        ➜ Explicit dependency on target 'HTTPTypes' in project 'swift-http-types'
        ➜ Explicit dependency on target 'Clocks' in project 'swift-clocks'
        ➜ Explicit dependency on target 'XCTestDynamicOverlay' in project 'xctest-dynamic-overlay'
    Target 'Auth' in project 'Supabase'
        ➜ Explicit dependency on target 'Auth' in project 'Supabase'
        ➜ Explicit dependency on target 'Helpers' in project 'Supabase'
        ➜ Explicit dependency on target 'ConcurrencyExtras' in project 'swift-concurrency-extras'
        ➜ Explicit dependency on target 'HTTPTypes' in project 'swift-http-types'
        ➜ Explicit dependency on target 'Clocks' in project 'swift-clocks'
        ➜ Explicit dependency on target 'XCTestDynamicOverlay' in project 'xctest-dynamic-overlay'
        ➜ Explicit dependency on target 'Crypto' in project 'swift-crypto'
    Target 'Supabase' in project 'Supabase'
        ➜ Explicit dependency on target 'Supabase' in project 'Supabase'
        ➜ Explicit dependency on target 'Functions' in project 'Supabase'
        ➜ Explicit dependency on target 'PostgREST' in project 'Supabase'
        ➜ Explicit dependency on target 'Auth' in project 'Supabase'
        ➜ Explicit dependency on target 'Realtime' in project 'Supabase'
        ➜ Explicit dependency on target 'Storage' in project 'Supabase'
        ➜ Explicit dependency on target 'Helpers' in project 'Supabase'
        ➜ Explicit dependency on target 'ConcurrencyExtras' in project 'swift-concurrency-extras'
        ➜ Explicit dependency on target 'HTTPTypes' in project 'swift-http-types'
        ➜ Explicit dependency on target 'Clocks' in project 'swift-clocks'
        ➜ Explicit dependency on target 'XCTestDynamicOverlay' in project 'xctest-dynamic-overlay'
        ➜ Explicit dependency on target 'Crypto' in project 'swift-crypto'
        ➜ Explicit dependency on target 'IssueReporting' in project 'xctest-dynamic-overlay'
    Target 'Supabase' in project 'Supabase'
        ➜ Explicit dependency on target 'Helpers' in project 'Supabase'
        ➜ Explicit dependency on target 'Auth' in project 'Supabase'
        ➜ Explicit dependency on target 'Functions' in project 'Supabase'
        ➜ Explicit dependency on target 'PostgREST' in project 'Supabase'
        ➜ Explicit dependency on target 'Realtime' in project 'Supabase'
        ➜ Explicit dependency on target 'Storage' in project 'Supabase'
        ➜ Explicit dependency on target 'ConcurrencyExtras' in project 'swift-concurrency-extras'
        ➜ Explicit dependency on target 'HTTPTypes' in project 'swift-http-types'
        ➜ Explicit dependency on target 'Clocks' in project 'swift-clocks'
        ➜ Explicit dependency on target 'XCTestDynamicOverlay' in project 'xctest-dynamic-overlay'
        ➜ Explicit dependency on target 'Crypto' in project 'swift-crypto'
        ➜ Explicit dependency on target 'IssueReporting' in project 'xctest-dynamic-overlay'
    Target 'Storage' in project 'Supabase'
        ➜ Explicit dependency on target 'Helpers' in project 'Supabase'
        ➜ Explicit dependency on target 'ConcurrencyExtras' in project 'swift-concurrency-extras'
        ➜ Explicit dependency on target 'HTTPTypes' in project 'swift-http-types'
        ➜ Explicit dependency on target 'Clocks' in project 'swift-clocks'
        ➜ Explicit dependency on target 'XCTestDynamicOverlay' in project 'xctest-dynamic-overlay'
    Target 'Realtime' in project 'Supabase'
        ➜ Explicit dependency on target 'Helpers' in project 'Supabase'
        ➜ Explicit dependency on target 'ConcurrencyExtras' in project 'swift-concurrency-extras'
        ➜ Explicit dependency on target 'HTTPTypes' in project 'swift-http-types'
        ➜ Explicit dependency on target 'Clocks' in project 'swift-clocks'
        ➜ Explicit dependency on target 'XCTestDynamicOverlay' in project 'xctest-dynamic-overlay'
        ➜ Explicit dependency on target 'IssueReporting' in project 'xctest-dynamic-overlay'
    Target 'Auth' in project 'Supabase'
        ➜ Explicit dependency on target 'Helpers' in project 'Supabase'
        ➜ Explicit dependency on target 'ConcurrencyExtras' in project 'swift-concurrency-extras'
        ➜ Explicit dependency on target 'HTTPTypes' in project 'swift-http-types'
        ➜ Explicit dependency on target 'Clocks' in project 'swift-clocks'
        ➜ Explicit dependency on target 'XCTestDynamicOverlay' in project 'xctest-dynamic-overlay'
        ➜ Explicit dependency on target 'Crypto' in project 'swift-crypto'
    Target 'Crypto' in project 'swift-crypto'
        ➜ Explicit dependency on target 'Crypto' in project 'swift-crypto'
        ➜ Explicit dependency on target 'swift-crypto_Crypto' in project 'swift-crypto'
    Target 'Crypto' in project 'swift-crypto'
        ➜ Explicit dependency on target 'swift-crypto_Crypto' in project 'swift-crypto'
    Target 'swift-crypto_Crypto' in project 'swift-crypto' (no dependencies)
    Target 'Functions' in project 'Supabase'
        ➜ Explicit dependency on target 'Functions' in project 'Supabase'
        ➜ Explicit dependency on target 'Helpers' in project 'Supabase'
        ➜ Explicit dependency on target 'ConcurrencyExtras' in project 'swift-concurrency-extras'
        ➜ Explicit dependency on target 'HTTPTypes' in project 'swift-http-types'
        ➜ Explicit dependency on target 'Clocks' in project 'swift-clocks'
        ➜ Explicit dependency on target 'XCTestDynamicOverlay' in project 'xctest-dynamic-overlay'
    Target 'Functions' in project 'Supabase'
        ➜ Explicit dependency on target 'Helpers' in project 'Supabase'
        ➜ Explicit dependency on target 'ConcurrencyExtras' in project 'swift-concurrency-extras'
        ➜ Explicit dependency on target 'HTTPTypes' in project 'swift-http-types'
        ➜ Explicit dependency on target 'Clocks' in project 'swift-clocks'
        ➜ Explicit dependency on target 'XCTestDynamicOverlay' in project 'xctest-dynamic-overlay'
    Target 'PostgREST' in project 'Supabase'
        ➜ Explicit dependency on target 'PostgREST' in project 'Supabase'
        ➜ Explicit dependency on target 'Helpers' in project 'Supabase'
        ➜ Explicit dependency on target 'ConcurrencyExtras' in project 'swift-concurrency-extras'
        ➜ Explicit dependency on target 'HTTPTypes' in project 'swift-http-types'
        ➜ Explicit dependency on target 'Clocks' in project 'swift-clocks'
        ➜ Explicit dependency on target 'XCTestDynamicOverlay' in project 'xctest-dynamic-overlay'
    Target 'PostgREST' in project 'Supabase'
        ➜ Explicit dependency on target 'Helpers' in project 'Supabase'
        ➜ Explicit dependency on target 'ConcurrencyExtras' in project 'swift-concurrency-extras'
        ➜ Explicit dependency on target 'HTTPTypes' in project 'swift-http-types'
        ➜ Explicit dependency on target 'Clocks' in project 'swift-clocks'
        ➜ Explicit dependency on target 'XCTestDynamicOverlay' in project 'xctest-dynamic-overlay'
    Target 'Helpers' in project 'Supabase'
        ➜ Explicit dependency on target 'ConcurrencyExtras' in project 'swift-concurrency-extras'
        ➜ Explicit dependency on target 'HTTPTypes' in project 'swift-http-types'
        ➜ Explicit dependency on target 'Clocks' in project 'swift-clocks'
        ➜ Explicit dependency on target 'XCTestDynamicOverlay' in project 'xctest-dynamic-overlay'
    Target 'XCTestDynamicOverlay' in project 'xctest-dynamic-overlay'
        ➜ Explicit dependency on target 'XCTestDynamicOverlay' in project 'xctest-dynamic-overlay'
        ➜ Explicit dependency on target 'IssueReportingPackageSupport' in project 'xctest-dynamic-overlay'
        ➜ Explicit dependency on target 'IssueReporting' in project 'xctest-dynamic-overlay'
    Target 'XCTestDynamicOverlay' in project 'xctest-dynamic-overlay'
        ➜ Explicit dependency on target 'IssueReportingPackageSupport' in project 'xctest-dynamic-overlay'
        ➜ Explicit dependency on target 'IssueReporting' in project 'xctest-dynamic-overlay'
    Target 'Clocks' in project 'swift-clocks'
        ➜ Explicit dependency on target 'Clocks' in project 'swift-clocks'
        ➜ Explicit dependency on target 'ConcurrencyExtras' in project 'swift-concurrency-extras'
        ➜ Explicit dependency on target 'IssueReporting' in project 'xctest-dynamic-overlay'
    Target 'Clocks' in project 'swift-clocks'
        ➜ Explicit dependency on target 'ConcurrencyExtras' in project 'swift-concurrency-extras'
        ➜ Explicit dependency on target 'IssueReporting' in project 'xctest-dynamic-overlay'
    Target 'IssueReporting' in project 'xctest-dynamic-overlay'
        ➜ Explicit dependency on target 'IssueReporting' in project 'xctest-dynamic-overlay'
        ➜ Explicit dependency on target 'IssueReportingPackageSupport' in project 'xctest-dynamic-overlay'
    Target 'IssueReporting' in project 'xctest-dynamic-overlay'
        ➜ Explicit dependency on target 'IssueReportingPackageSupport' in project 'xctest-dynamic-overlay'
    Target 'IssueReportingPackageSupport' in project 'xctest-dynamic-overlay' (no dependencies)
    Target 'HTTPTypes' in project 'swift-http-types'
        ➜ Explicit dependency on target 'HTTPTypes' in project 'swift-http-types'
    Target 'HTTPTypes' in project 'swift-http-types' (no dependencies)
    Target 'ConcurrencyExtras' in project 'swift-concurrency-extras'
        ➜ Explicit dependency on target 'ConcurrencyExtras' in project 'swift-concurrency-extras'
    Target 'ConcurrencyExtras' in project 'swift-concurrency-extras' (no dependencies)

GatherProvisioningInputs

CreateBuildDescription

ExecuteExternalTool /Applications/Xcode.app/Contents/Developer/Toolchains/XcodeDefault.xctoolchain/usr/bin/swiftc --version

ExecuteExternalTool /Applications/Xcode.app/Contents/Developer/Toolchains/XcodeDefault.xctoolchain/usr/bin/clang -v -E -dM -isysroot /Applications/Xcode.app/Contents/Developer/Platforms/iPhoneSimulator.platform/Developer/SDKs/iPhoneSimulator26.2.sdk -x c -c /dev/null

ExecuteExternalTool /Applications/Xcode.app/Contents/Developer/usr/bin/actool --print-asset-tag-combinations --output-format xml1 /Users/bcolf/.cursor/worktrees/naars-cars-ios/vlw/NaarsCars/NaarsCars/Assets.xcassets

ExecuteExternalTool /Applications/Xcode.app/Contents/Developer/usr/bin/actool --version --output-format xml1

ExecuteExternalTool /Applications/Xcode.app/Contents/Developer/Toolchains/XcodeDefault.xctoolchain/usr/bin/ld -version_details

ReadFileContents /Applications/Xcode.app/Contents/Developer/Toolchains/XcodeDefault.xctoolchain/usr/share/docc/features.json

Build description signature: 684a2bcee49d0cfae3033989f264cf9c
Build description path: /Users/bcolf/Library/Developer/Xcode/DerivedData/NaarsCars-haqsfbprmqosxwbpqeoibavdicql/Build/Intermediates.noindex/XCBuildData/684a2bcee49d0cfae3033989f264cf9c.xcbuilddata
ClangStatCache /Applications/Xcode.app/Contents/Developer/Toolchains/XcodeDefault.xctoolchain/usr/bin/clang-stat-cache /Applications/Xcode.app/Contents/Developer/Platforms/iPhoneSimulator.platform/Developer/SDKs/iPhoneSimulator26.2.sdk /Users/bcolf/Library/Developer/Xcode/DerivedData/SDKStatCaches.noindex/iphonesimulator26.2-23C53-7d00a8b37fbd7999ea79df8ebc024bf0.sdkstatcache
    cd /Users/bcolf/.cursor/worktrees/naars-cars-ios/vlw/NaarsCars/NaarsCars.xcodeproj
    /Applications/Xcode.app/Contents/Developer/Toolchains/XcodeDefault.xctoolchain/usr/bin/clang-stat-cache /Applications/Xcode.app/Contents/Developer/Platforms/iPhoneSimulator.platform/Developer/SDKs/iPhoneSimulator26.2.sdk -o /Users/bcolf/Library/Developer/Xcode/DerivedData/SDKStatCaches.noindex/iphonesimulator26.2-23C53-7d00a8b37fbd7999ea79df8ebc024bf0.sdkstatcache

ProcessInfoPlistFile /Users/bcolf/Library/Developer/Xcode/DerivedData/NaarsCars-haqsfbprmqosxwbpqeoibavdicql/Build/Products/Debug-iphonesimulator/swift-crypto_Crypto.bundle/Info.plist /Users/bcolf/Library/Developer/Xcode/DerivedData/NaarsCars-haqsfbprmqosxwbpqeoibavdicql/Build/Intermediates.noindex/swift-crypto.build/Debug-iphonesimulator/swift-crypto_Crypto.build/empty-swift-crypto_Crypto.plist (in target 'swift-crypto_Crypto' from project 'swift-crypto')
    cd /Users/bcolf/Library/Developer/Xcode/DerivedData/NaarsCars-haqsfbprmqosxwbpqeoibavdicql/SourcePackages/checkouts/swift-crypto
    builtin-infoPlistUtility /Users/bcolf/Library/Developer/Xcode/DerivedData/NaarsCars-haqsfbprmqosxwbpqeoibavdicql/Build/Intermediates.noindex/swift-crypto.build/Debug-iphonesimulator/swift-crypto_Crypto.build/empty-swift-crypto_Crypto.plist -producttype com.apple.product-type.bundle -expandbuildsettings -format binary -platform iphonesimulator -o /Users/bcolf/Library/Developer/Xcode/DerivedData/NaarsCars-haqsfbprmqosxwbpqeoibavdicql/Build/Products/Debug-iphonesimulator/swift-crypto_Crypto.bundle/Info.plist

ProcessInfoPlistFile /Users/bcolf/Library/Developer/Xcode/DerivedData/NaarsCars-haqsfbprmqosxwbpqeoibavdicql/Build/Products/Debug-iphonesimulator/NaarsCars.app/Info.plist /Users/bcolf/Library/Developer/Xcode/DerivedData/NaarsCars-haqsfbprmqosxwbpqeoibavdicql/Build/Intermediates.noindex/NaarsCars.build/Debug-iphonesimulator/NaarsCars.build/empty-NaarsCars.plist (in target 'NaarsCars' from project 'NaarsCars')
    cd /Users/bcolf/.cursor/worktrees/naars-cars-ios/vlw/NaarsCars
    builtin-infoPlistUtility /Users/bcolf/Library/Developer/Xcode/DerivedData/NaarsCars-haqsfbprmqosxwbpqeoibavdicql/Build/Intermediates.noindex/NaarsCars.build/Debug-iphonesimulator/NaarsCars.build/empty-NaarsCars.plist -producttype com.apple.product-type.application -genpkginfo /Users/bcolf/Library/Developer/Xcode/DerivedData/NaarsCars-haqsfbprmqosxwbpqeoibavdicql/Build/Products/Debug-iphonesimulator/NaarsCars.app/PkgInfo -expandbuildsettings -format binary -platform iphonesimulator -additionalcontentfile /Users/bcolf/Library/Developer/Xcode/DerivedData/NaarsCars-haqsfbprmqosxwbpqeoibavdicql/Build/Intermediates.noindex/NaarsCars.build/Debug-iphonesimulator/NaarsCars.build/assetcatalog_generated_info.plist -scanforprivacyfile /Users/bcolf/Library/Developer/Xcode/DerivedData/NaarsCars-haqsfbprmqosxwbpqeoibavdicql/Build/Products/Debug-iphonesimulator/NaarsCars.app/swift-crypto_Crypto.bundle -o /Users/bcolf/Library/Developer/Xcode/DerivedData/NaarsCars-haqsfbprmqosxwbpqeoibavdicql/Build/Products/Debug-iphonesimulator/NaarsCars.app/Info.plist

CopySwiftLibs /Users/bcolf/Library/Developer/Xcode/DerivedData/NaarsCars-haqsfbprmqosxwbpqeoibavdicql/Build/Products/Debug-iphonesimulator/NaarsCars.app (in target 'NaarsCars' from project 'NaarsCars')
    cd /Users/bcolf/.cursor/worktrees/naars-cars-ios/vlw/NaarsCars
    builtin-swiftStdLibTool --copy --verbose --sign - --scan-executable /Users/bcolf/Library/Developer/Xcode/DerivedData/NaarsCars-haqsfbprmqosxwbpqeoibavdicql/Build/Products/Debug-iphonesimulator/NaarsCars.app/NaarsCars.debug.dylib --scan-folder /Users/bcolf/Library/Developer/Xcode/DerivedData/NaarsCars-haqsfbprmqosxwbpqeoibavdicql/Build/Products/Debug-iphonesimulator/NaarsCars.app/Frameworks --scan-folder /Users/bcolf/Library/Developer/Xcode/DerivedData/NaarsCars-haqsfbprmqosxwbpqeoibavdicql/Build/Products/Debug-iphonesimulator/NaarsCars.app/PlugIns --scan-folder /Users/bcolf/Library/Developer/Xcode/DerivedData/NaarsCars-haqsfbprmqosxwbpqeoibavdicql/Build/Products/Debug-iphonesimulator/NaarsCars.app/SystemExtensions --scan-folder /Users/bcolf/Library/Developer/Xcode/DerivedData/NaarsCars-haqsfbprmqosxwbpqeoibavdicql/Build/Products/Debug-iphonesimulator/NaarsCars.app/Extensions --platform iphonesimulator --toolchain /Applications/Xcode.app/Contents/Developer/Toolchains/XcodeDefault.xctoolchain --destination /Users/bcolf/Library/Developer/Xcode/DerivedData/NaarsCars-haqsfbprmqosxwbpqeoibavdicql/Build/Products/Debug-iphonesimulator/NaarsCars.app/Frameworks --strip-bitcode --strip-bitcode-tool /Applications/Xcode.app/Contents/Developer/Toolchains/XcodeDefault.xctoolchain/usr/bin/bitcode_strip --emit-dependency-info /Users/bcolf/Library/Developer/Xcode/DerivedData/NaarsCars-haqsfbprmqosxwbpqeoibavdicql/Build/Intermediates.noindex/NaarsCars.build/Debug-iphonesimulator/NaarsCars.build/SwiftStdLibToolInputDependencies.dep --filter-for-swift-os

ProcessInfoPlistFile /Users/bcolf/Library/Developer/Xcode/DerivedData/NaarsCars-haqsfbprmqosxwbpqeoibavdicql/Build/Products/Debug-iphonesimulator/NaarsCars.app/PlugIns/NaarsCarsTests.xctest/Info.plist /Users/bcolf/Library/Developer/Xcode/DerivedData/NaarsCars-haqsfbprmqosxwbpqeoibavdicql/Build/Intermediates.noindex/NaarsCars.build/Debug-iphonesimulator/NaarsCarsTests.build/empty-NaarsCarsTests.plist (in target 'NaarsCarsTests' from project 'NaarsCars')
    cd /Users/bcolf/.cursor/worktrees/naars-cars-ios/vlw/NaarsCars
    builtin-infoPlistUtility /Users/bcolf/Library/Developer/Xcode/DerivedData/NaarsCars-haqsfbprmqosxwbpqeoibavdicql/Build/Intermediates.noindex/NaarsCars.build/Debug-iphonesimulator/NaarsCarsTests.build/empty-NaarsCarsTests.plist -producttype com.apple.product-type.bundle.unit-test -expandbuildsettings -format binary -platform iphonesimulator -scanforprivacyfile /Users/bcolf/Library/Developer/Xcode/DerivedData/NaarsCars-haqsfbprmqosxwbpqeoibavdicql/Build/Products/Debug-iphonesimulator/NaarsCars.app/PlugIns/NaarsCarsTests.xctest/swift-crypto_Crypto.bundle -o /Users/bcolf/Library/Developer/Xcode/DerivedData/NaarsCars-haqsfbprmqosxwbpqeoibavdicql/Build/Products/Debug-iphonesimulator/NaarsCars.app/PlugIns/NaarsCarsTests.xctest/Info.plist

CopySwiftLibs /Users/bcolf/Library/Developer/Xcode/DerivedData/NaarsCars-haqsfbprmqosxwbpqeoibavdicql/Build/Products/Debug-iphonesimulator/NaarsCars.app/PlugIns/NaarsCarsTests.xctest (in target 'NaarsCarsTests' from project 'NaarsCars')
    cd /Users/bcolf/.cursor/worktrees/naars-cars-ios/vlw/NaarsCars
    builtin-swiftStdLibTool --copy --verbose --sign - --scan-executable /Users/bcolf/Library/Developer/Xcode/DerivedData/NaarsCars-haqsfbprmqosxwbpqeoibavdicql/Build/Products/Debug-iphonesimulator/NaarsCars.app/PlugIns/NaarsCarsTests.xctest/NaarsCarsTests --scan-folder /Users/bcolf/Library/Developer/Xcode/DerivedData/NaarsCars-haqsfbprmqosxwbpqeoibavdicql/Build/Products/Debug-iphonesimulator/NaarsCars.app/PlugIns/NaarsCarsTests.xctest/Frameworks --scan-folder /Users/bcolf/Library/Developer/Xcode/DerivedData/NaarsCars-haqsfbprmqosxwbpqeoibavdicql/Build/Products/Debug-iphonesimulator/NaarsCars.app/PlugIns/NaarsCarsTests.xctest/PlugIns --scan-folder /Users/bcolf/Library/Developer/Xcode/DerivedData/NaarsCars-haqsfbprmqosxwbpqeoibavdicql/Build/Products/Debug-iphonesimulator/NaarsCars.app/PlugIns/NaarsCarsTests.xctest/SystemExtensions --scan-folder /Users/bcolf/Library/Developer/Xcode/DerivedData/NaarsCars-haqsfbprmqosxwbpqeoibavdicql/Build/Products/Debug-iphonesimulator/NaarsCars.app/PlugIns/NaarsCarsTests.xctest/Extensions --platform iphonesimulator --toolchain /Applications/Xcode.app/Contents/Developer/Toolchains/XcodeDefault.xctoolchain --destination /Users/bcolf/Library/Developer/Xcode/DerivedData/NaarsCars-haqsfbprmqosxwbpqeoibavdicql/Build/Products/Debug-iphonesimulator/NaarsCars.app/PlugIns/NaarsCarsTests.xctest/Frameworks --strip-bitcode --scan-executable /Applications/Xcode.app/Contents/Developer/Platforms/iPhoneSimulator.platform/Developer/usr/lib/libXCTestSwiftSupport.dylib --strip-bitcode-tool /Applications/Xcode.app/Contents/Developer/Toolchains/XcodeDefault.xctoolchain/usr/bin/bitcode_strip --emit-dependency-info /Users/bcolf/Library/Developer/Xcode/DerivedData/NaarsCars-haqsfbprmqosxwbpqeoibavdicql/Build/Intermediates.noindex/NaarsCars.build/Debug-iphonesimulator/NaarsCarsTests.build/SwiftStdLibToolInputDependencies.dep --filter-for-swift-os

ProcessInfoPlistFile /Users/bcolf/Library/Developer/Xcode/DerivedData/NaarsCars-haqsfbprmqosxwbpqeoibavdicql/Build/Products/Debug-iphonesimulator/NaarsCarsUITests-Runner.app/PlugIns/NaarsCarsUITests.xctest/Info.plist /Users/bcolf/Library/Developer/Xcode/DerivedData/NaarsCars-haqsfbprmqosxwbpqeoibavdicql/Build/Intermediates.noindex/NaarsCars.build/Debug-iphonesimulator/NaarsCarsUITests.build/empty-NaarsCarsUITests.plist (in target 'NaarsCarsUITests' from project 'NaarsCars')
    cd /Users/bcolf/.cursor/worktrees/naars-cars-ios/vlw/NaarsCars
    builtin-infoPlistUtility /Users/bcolf/Library/Developer/Xcode/DerivedData/NaarsCars-haqsfbprmqosxwbpqeoibavdicql/Build/Intermediates.noindex/NaarsCars.build/Debug-iphonesimulator/NaarsCarsUITests.build/empty-NaarsCarsUITests.plist -producttype com.apple.product-type.bundle.ui-testing -expandbuildsettings -format binary -platform iphonesimulator -additionalcontentfile /Users/bcolf/Library/Developer/Xcode/DerivedData/NaarsCars-haqsfbprmqosxwbpqeoibavdicql/Build/Intermediates.noindex/NaarsCars.build/Debug-iphonesimulator/NaarsCarsUITests.build/ProductTypeInfoPlistAdditions.plist -o /Users/bcolf/Library/Developer/Xcode/DerivedData/NaarsCars-haqsfbprmqosxwbpqeoibavdicql/Build/Products/Debug-iphonesimulator/NaarsCarsUITests-Runner.app/PlugIns/NaarsCarsUITests.xctest/Info.plist

2026-01-05 00:54:52.138 xcodebuild[32417:337162] [MT] IDETestOperationsObserverDebug: 68.238 elapsed -- Testing started completed.
2026-01-05 00:54:52.138 xcodebuild[32417:337162] [MT] IDETestOperationsObserverDebug: 0.000 sec, +0.000 sec -- start
2026-01-05 00:54:52.138 xcodebuild[32417:337162] [MT] IDETestOperationsObserverDebug: 68.238 sec, +68.238 sec -- end

Test session results, code coverage, and logs:
	/Users/bcolf/Library/Developer/Xcode/DerivedData/NaarsCars-haqsfbprmqosxwbpqeoibavdicql/Logs/Test/Test-NaarsCars-2026.01.05_00-53-38--0800.xcresult

** TEST SUCCEEDED **

Testing started
